# Logfile created on 2014-10-09 00:33:18 -0300 by logger.rb/31641
D, [2014-10-09T21:53:28.103273 #5306] DEBUG -- Pubnub: Symbolizing options keys
D, [2014-10-09T21:53:28.115575 #5306] DEBUG -- Pubnub: Setting default values
D, [2014-10-09T21:53:28.116152 #5306] DEBUG -- Pubnub: 

Created new Pubnub::Client instance
D, [2014-10-09T21:53:28.116517 #5306] DEBUG -- Pubnub: Pubnub::Client#start_event_machine | starting EM in new thread
D, [2014-10-09T21:53:28.116782 #5306] DEBUG -- Pubnub: Pubnub::Client#start_event_machine | We're running on thin
D, [2014-10-09T21:53:28.117149 #5306] DEBUG -- Pubnub: Pubnub::Client#start_event_machine | EM already running
D, [2014-10-09T21:54:34.908774 #5306] DEBUG -- Pubnub: Symbolizing options keys
D, [2014-10-09T21:54:34.909693 #5306] DEBUG -- Pubnub: Setting default values
D, [2014-10-09T21:54:34.910304 #5306] DEBUG -- Pubnub: 

Created new Pubnub::Client instance
D, [2014-10-09T21:54:34.910735 #5306] DEBUG -- Pubnub: Pubnub::Client#start_event_machine | starting EM in new thread
D, [2014-10-09T21:54:34.911081 #5306] DEBUG -- Pubnub: Pubnub::Client#start_event_machine | We're running on thin
D, [2014-10-09T21:54:34.911397 #5306] DEBUG -- Pubnub: Pubnub::Client#start_event_machine | EM already running
D, [2014-10-09T21:55:35.592914 #5306] DEBUG -- Pubnub: Symbolizing options keys
D, [2014-10-09T21:55:35.593775 #5306] DEBUG -- Pubnub: Setting default values
D, [2014-10-09T21:55:35.594465 #5306] DEBUG -- Pubnub: 

Created new Pubnub::Client instance
D, [2014-10-09T21:55:35.594821 #5306] DEBUG -- Pubnub: Pubnub::Client#start_event_machine | starting EM in new thread
D, [2014-10-09T21:55:35.595045 #5306] DEBUG -- Pubnub: Pubnub::Client#start_event_machine | We're running on thin
D, [2014-10-09T21:55:35.595294 #5306] DEBUG -- Pubnub: Pubnub::Client#start_event_machine | EM already running
D, [2014-10-09T22:58:03.468092 #2339] DEBUG -- Pubnub: Symbolizing options keys
D, [2014-10-09T22:58:03.480351 #2339] DEBUG -- Pubnub: Setting default values
D, [2014-10-09T22:58:03.481419 #2339] DEBUG -- Pubnub: 

Created new Pubnub::Client instance
D, [2014-10-09T22:58:03.481816 #2339] DEBUG -- Pubnub: Pubnub::Client#start_event_machine | starting EM in new thread
D, [2014-10-09T22:58:03.482090 #2339] DEBUG -- Pubnub: Pubnub::Client#start_event_machine | We aren't running on thin
D, [2014-10-09T22:58:03.483181 #2339] DEBUG -- Pubnub: Pubnub::Client#start_event_machine | EM started in new thread
D, [2014-10-10T01:32:25.239327 #2448] DEBUG -- Pubnub: Symbolizing options keys
D, [2014-10-10T01:32:25.240239 #2448] DEBUG -- Pubnub: Setting default values
D, [2014-10-10T01:32:25.241075 #2448] DEBUG -- Pubnub: 

Created new Pubnub::Client instance
D, [2014-10-10T01:32:25.241616 #2448] DEBUG -- Pubnub: Pubnub::Client#start_event_machine | starting EM in new thread
D, [2014-10-10T01:32:25.242057 #2448] DEBUG -- Pubnub: Pubnub::Client#start_event_machine | We're running on thin
D, [2014-10-10T01:32:25.242440 #2448] DEBUG -- Pubnub: Pubnub::Client#start_event_machine | EM already running
D, [2014-10-10T06:12:11.766430 #20987] DEBUG -- Pubnub: Symbolizing options keys
D, [2014-10-10T06:12:11.782101 #20987] DEBUG -- Pubnub: Setting default values
D, [2014-10-10T06:12:11.783022 #20987] DEBUG -- Pubnub: 

Created new Pubnub::Client instance
D, [2014-10-10T06:12:11.783488 #20987] DEBUG -- Pubnub: Pubnub::Client#start_event_machine | starting EM in new thread
D, [2014-10-10T06:12:11.783826 #20987] DEBUG -- Pubnub: Pubnub::Client#start_event_machine | We aren't running on thin
D, [2014-10-10T06:12:11.803481 #20987] DEBUG -- Pubnub: Pubnub::Client#start_event_machine | EM started in new thread
E, [2014-10-10T06:14:28.884381 #20987] ERROR -- Pubnub: ERROR TYPE: Pubnub::ArgumentError
ERROR MESSAGE: Callback parameter is required while using async
ERROR BACKTRACE: 
D, [2014-10-10T06:15:27.558005 #21015] DEBUG -- Pubnub: Symbolizing options keys
D, [2014-10-10T06:15:27.558898 #21015] DEBUG -- Pubnub: Setting default values
D, [2014-10-10T06:15:27.559570 #21015] DEBUG -- Pubnub: 

Created new Pubnub::Client instance
D, [2014-10-10T06:15:27.559971 #21015] DEBUG -- Pubnub: Pubnub::Client#start_event_machine | starting EM in new thread
D, [2014-10-10T06:15:27.560286 #21015] DEBUG -- Pubnub: Pubnub::Client#start_event_machine | We aren't running on thin
D, [2014-10-10T06:15:27.571441 #21015] DEBUG -- Pubnub: Pubnub::Client#start_event_machine | EM started in new thread
E, [2014-10-10T06:16:28.394656 #21015] ERROR -- Pubnub: ERROR TYPE: Pubnub::ArgumentError
ERROR MESSAGE: Callback parameter is required while using async
ERROR BACKTRACE: 
D, [2014-10-10T09:12:36.576147 #3115] DEBUG -- Pubnub: Symbolizing options keys
D, [2014-10-10T09:12:36.636938 #3115] DEBUG -- Pubnub: Setting default values
D, [2014-10-10T09:12:36.637437 #3115] DEBUG -- Pubnub: 

Created new Pubnub::Client instance
D, [2014-10-10T09:12:36.637748 #3115] DEBUG -- Pubnub: Pubnub::Client#start_event_machine | starting EM in new thread
D, [2014-10-10T09:12:36.638008 #3115] DEBUG -- Pubnub: Pubnub::Client#start_event_machine | We're running on thin
D, [2014-10-10T09:12:36.654769 #3115] DEBUG -- Pubnub: Pubnub::Client#start_event_machine | EM started in new thread
D, [2014-10-10T09:13:44.144598 #3142] DEBUG -- Pubnub: Symbolizing options keys
D, [2014-10-10T09:13:44.145321 #3142] DEBUG -- Pubnub: Setting default values
D, [2014-10-10T09:13:44.145799 #3142] DEBUG -- Pubnub: 

Created new Pubnub::Client instance
D, [2014-10-10T09:13:44.146110 #3142] DEBUG -- Pubnub: Pubnub::Client#start_event_machine | starting EM in new thread
D, [2014-10-10T09:13:44.146349 #3142] DEBUG -- Pubnub: Pubnub::Client#start_event_machine | We're running on thin
D, [2014-10-10T09:13:44.147385 #3142] DEBUG -- Pubnub: Pubnub::Client#start_event_machine | EM started in new thread
D, [2014-10-10T09:17:08.482569 #3174] DEBUG -- Pubnub: Symbolizing options keys
D, [2014-10-10T09:17:08.484069 #3174] DEBUG -- Pubnub: Setting default values
D, [2014-10-10T09:17:08.484913 #3174] DEBUG -- Pubnub: 

Created new Pubnub::Client instance
D, [2014-10-10T09:17:08.485569 #3174] DEBUG -- Pubnub: Pubnub::Client#start_event_machine | starting EM in new thread
D, [2014-10-10T09:17:08.486127 #3174] DEBUG -- Pubnub: Pubnub::Client#start_event_machine | We're running on thin
D, [2014-10-10T09:17:08.491631 #3174] DEBUG -- Pubnub: Pubnub::Client#start_event_machine | EM started in new thread
D, [2014-10-10T09:17:36.164296 #3184] DEBUG -- Pubnub: Symbolizing options keys
D, [2014-10-10T09:17:36.165021 #3184] DEBUG -- Pubnub: Setting default values
D, [2014-10-10T09:17:36.165579 #3184] DEBUG -- Pubnub: 

Created new Pubnub::Client instance
D, [2014-10-10T09:17:36.165962 #3184] DEBUG -- Pubnub: Pubnub::Client#start_event_machine | starting EM in new thread
D, [2014-10-10T09:17:36.166271 #3184] DEBUG -- Pubnub: Pubnub::Client#start_event_machine | We're running on thin
D, [2014-10-10T09:17:36.167424 #3184] DEBUG -- Pubnub: Pubnub::Client#start_event_machine | EM started in new thread
D, [2014-10-10T09:18:31.078890 #3191] DEBUG -- Pubnub: Symbolizing options keys
D, [2014-10-10T09:18:31.079721 #3191] DEBUG -- Pubnub: Setting default values
D, [2014-10-10T09:18:31.080272 #3191] DEBUG -- Pubnub: 

Created new Pubnub::Client instance
D, [2014-10-10T09:18:31.080646 #3191] DEBUG -- Pubnub: Pubnub::Client#start_event_machine | starting EM in new thread
D, [2014-10-10T09:18:31.080936 #3191] DEBUG -- Pubnub: Pubnub::Client#start_event_machine | We're running on thin
D, [2014-10-10T09:18:31.081949 #3191] DEBUG -- Pubnub: Pubnub::Client#start_event_machine | EM started in new thread
D, [2014-10-10T09:22:52.162582 #3209] DEBUG -- Pubnub: Symbolizing options keys
D, [2014-10-10T09:22:52.163278 #3209] DEBUG -- Pubnub: Setting default values
D, [2014-10-10T09:22:52.163777 #3209] DEBUG -- Pubnub: 

Created new Pubnub::Client instance
D, [2014-10-10T09:22:52.164087 #3209] DEBUG -- Pubnub: Pubnub::Client#start_event_machine | starting EM in new thread
D, [2014-10-10T09:22:52.164325 #3209] DEBUG -- Pubnub: Pubnub::Client#start_event_machine | We're running on thin
D, [2014-10-10T09:22:52.165285 #3209] DEBUG -- Pubnub: Pubnub::Client#start_event_machine | EM started in new thread
D, [2014-10-10T11:48:38.611740 #2486] DEBUG -- Pubnub: Symbolizing options keys
D, [2014-10-10T11:48:38.629290 #2486] DEBUG -- Pubnub: Setting default values
D, [2014-10-10T11:48:38.629956 #2486] DEBUG -- Pubnub: 

Created new Pubnub::Client instance
D, [2014-10-10T11:48:38.630370 #2486] DEBUG -- Pubnub: Pubnub::Client#start_event_machine | starting EM in new thread
D, [2014-10-10T11:48:38.630680 #2486] DEBUG -- Pubnub: Pubnub::Client#start_event_machine | We're running on thin
D, [2014-10-10T11:48:38.657204 #2486] DEBUG -- Pubnub: Pubnub::Client#start_event_machine | EM started in new thread
D, [2014-10-10T11:50:57.568649 #2556] DEBUG -- Pubnub: Symbolizing options keys
D, [2014-10-10T11:50:57.569384 #2556] DEBUG -- Pubnub: Setting default values
D, [2014-10-10T11:50:57.570030 #2556] DEBUG -- Pubnub: 

Created new Pubnub::Client instance
D, [2014-10-10T11:50:57.570426 #2556] DEBUG -- Pubnub: Pubnub::Client#start_event_machine | starting EM in new thread
D, [2014-10-10T11:50:57.570734 #2556] DEBUG -- Pubnub: Pubnub::Client#start_event_machine | We're running on thin
D, [2014-10-10T11:50:57.571666 #2556] DEBUG -- Pubnub: Pubnub::Client#start_event_machine | EM started in new thread
D, [2014-10-10T12:17:28.742414 #3255] DEBUG -- Pubnub: Symbolizing options keys
D, [2014-10-10T12:17:28.743132 #3255] DEBUG -- Pubnub: Setting default values
D, [2014-10-10T12:17:28.743627 #3255] DEBUG -- Pubnub: 

Created new Pubnub::Client instance
D, [2014-10-10T12:17:28.743938 #3255] DEBUG -- Pubnub: Pubnub::Client#start_event_machine | starting EM in new thread
D, [2014-10-10T12:17:28.744165 #3255] DEBUG -- Pubnub: Pubnub::Client#start_event_machine | We're running on thin
D, [2014-10-10T12:17:28.745076 #3255] DEBUG -- Pubnub: Pubnub::Client#start_event_machine | EM started in new thread
D, [2014-10-10T12:17:28.745852 #3255] DEBUG -- Pubnub: Event#initialize | Initialized Pubnub::Publish
D, [2014-10-10T12:17:28.746147 #3255] DEBUG -- Pubnub: Created event Pubnub::Publish
D, [2014-10-10T12:17:28.746390 #3255] DEBUG -- Pubnub: Pubnub::SingleEvent#fire
D, [2014-10-10T12:17:28.746617 #3255] DEBUG -- Pubnub: Pubnub::SingleEvent#fire | Adding event to async_events
D, [2014-10-10T12:17:28.746838 #3255] DEBUG -- Pubnub: Pubnub::SingleEvent#fire | Starting railgun
D, [2014-10-10T12:17:28.747060 #3255] DEBUG -- Pubnub: Pubnub::Client#start_railgun | Initializing railgun
D, [2014-10-10T12:17:29.144485 #3255] DEBUG -- Pubnub: Pubnub::SingleEvent#fire
D, [2014-10-10T12:17:29.145302 #3255] DEBUG -- Pubnub: Pubnub::SingleEvent#fire | Event already on list!
D, [2014-10-10T12:17:29.329883 #3255] DEBUG -- Pubnub: Pubnub::Event#fire
D, [2014-10-10T12:17:29.330209 #3255] DEBUG -- Pubnub: Pubnub::SingleEvent#fire
D, [2014-10-10T12:17:29.330711 #3255] DEBUG -- Pubnub: Pubnub::SingleEvent#fire
D, [2014-10-10T12:17:29.330980 #3255] DEBUG -- Pubnub: Event#fire
D, [2014-10-10T12:17:29.478213 #3255] DEBUG -- Pubnub: Pubnub::SingleEvent#fire | Event already on list!
D, [2014-10-10T12:17:29.794605 #3255] DEBUG -- Pubnub: Pubnub::SingleEvent#fire | Event already on list!
D, [2014-10-10T12:17:30.459652 #3255] DEBUG -- Pubnub: Pubnub::Event#fire
D, [2014-10-10T12:17:30.460049 #3255] DEBUG -- Pubnub: Event#fire
D, [2014-10-10T12:17:30.460406 #3255] DEBUG -- Pubnub: Event#start_event | sending request
D, [2014-10-10T12:17:30.460779 #3255] DEBUG -- Pubnub: Event#start_event | tt: 0; ctt 0
D, [2014-10-10T12:17:30.344250 #3255] DEBUG -- Pubnub: Pubnub::Event#fire
D, [2014-10-10T12:17:29.997825 #3255] DEBUG -- Pubnub: Event#start_event | sending request
D, [2014-10-10T12:17:30.461839 #3255] DEBUG -- Pubnub: Pubnub::Publish#uri http://pubsub.pubnub.com/publish/pub-c-ecd86a1b-4ad4-4b48-9d34-8b07cf3d8c3f/sub-c-380453a0-4f40-11e4-b29a-02ee2ddab7fe/0/SmartBike/0/%22Alarma%22?pnsdk=PubNub-Ruby/3.5.8&uuid=74667c13-5c02-4a9f-8af6-a875d59b0a6a
D, [2014-10-10T12:17:30.472853 #3255] DEBUG -- Pubnub: Event#fire
D, [2014-10-10T12:17:30.683339 #3255] DEBUG -- Pubnub: Event#start_event | tt: 0; ctt 0
D, [2014-10-10T12:17:30.847743 #3255] DEBUG -- Pubnub: Pubnub::Publish#uri http://pubsub.pubnub.com/publish/pub-c-ecd86a1b-4ad4-4b48-9d34-8b07cf3d8c3f/sub-c-380453a0-4f40-11e4-b29a-02ee2ddab7fe/0/SmartBike/0/%22Alarma%22?pnsdk=PubNub-Ruby/3.5.8&uuid=74667c13-5c02-4a9f-8af6-a875d59b0a6a
D, [2014-10-10T12:17:30.846012 #3255] DEBUG -- Pubnub: Event#start_event | sending request
D, [2014-10-10T12:17:30.874904 #3255] DEBUG -- Pubnub: Event#start_event | tt: 0; ctt 0
D, [2014-10-10T12:17:30.879165 #3255] DEBUG -- Pubnub: Pubnub::Publish#uri http://pubsub.pubnub.com/publish/pub-c-ecd86a1b-4ad4-4b48-9d34-8b07cf3d8c3f/sub-c-380453a0-4f40-11e4-b29a-02ee2ddab7fe/0/SmartBike/0/%22Alarma%22?pnsdk=PubNub-Ruby/3.5.8&uuid=74667c13-5c02-4a9f-8af6-a875d59b0a6a
D, [2014-10-10T12:17:32.889025 #3255] DEBUG -- Pubnub: Event#handle_response
D, [2014-10-10T12:17:32.918084 #3255] DEBUG -- Pubnub: Event#add_common_data_to_envelopes
D, [2014-10-10T12:17:32.919404 #3255] DEBUG -- Pubnub: Event#handle_response
D, [2014-10-10T12:17:32.920650 #3255] DEBUG -- Pubnub: Event#handle_response
D, [2014-10-10T12:17:32.920912 #3255] DEBUG -- Pubnub: Firing callbacks
D, [2014-10-10T12:17:32.972207 #3255] DEBUG -- Pubnub: Event#add_common_data_to_envelopes
D, [2014-10-10T12:17:32.986488 #3255] DEBUG -- Pubnub: Event#add_common_data_to_envelopes
D, [2014-10-10T12:17:33.030760 #3255] DEBUG -- Pubnub: Firing callbacks
D, [2014-10-10T12:17:33.133997 #3255] DEBUG -- Pubnub: Firing callbacks
D, [2014-10-10T12:22:36.520027 #3304] DEBUG -- Pubnub: Symbolizing options keys
D, [2014-10-10T12:22:36.520753 #3304] DEBUG -- Pubnub: Setting default values
D, [2014-10-10T12:22:36.521309 #3304] DEBUG -- Pubnub: 

Created new Pubnub::Client instance
D, [2014-10-10T12:22:36.521755 #3304] DEBUG -- Pubnub: Pubnub::Client#start_event_machine | starting EM in new thread
D, [2014-10-10T12:22:36.522068 #3304] DEBUG -- Pubnub: Pubnub::Client#start_event_machine | We're running on thin
D, [2014-10-10T12:22:36.523020 #3304] DEBUG -- Pubnub: Pubnub::Client#start_event_machine | EM started in new thread
D, [2014-10-10T12:22:36.523767 #3304] DEBUG -- Pubnub: Event#initialize | Initialized Pubnub::Publish
D, [2014-10-10T12:22:36.524058 #3304] DEBUG -- Pubnub: Created event Pubnub::Publish
D, [2014-10-10T12:22:36.524308 #3304] DEBUG -- Pubnub: Pubnub::SingleEvent#fire
D, [2014-10-10T12:22:36.524537 #3304] DEBUG -- Pubnub: Pubnub::SingleEvent#fire | Adding event to async_events
D, [2014-10-10T12:22:36.524753 #3304] DEBUG -- Pubnub: Pubnub::SingleEvent#fire | Starting railgun
D, [2014-10-10T12:22:36.524974 #3304] DEBUG -- Pubnub: Pubnub::Client#start_railgun | Initializing railgun
D, [2014-10-10T12:22:36.912268 #3304] DEBUG -- Pubnub: Pubnub::SingleEvent#fire
D, [2014-10-10T12:22:36.913534 #3304] DEBUG -- Pubnub: Pubnub::SingleEvent#fire | Event already on list!
D, [2014-10-10T12:22:37.126152 #3304] DEBUG -- Pubnub: Pubnub::Event#fire
D, [2014-10-10T12:22:37.357690 #3304] DEBUG -- Pubnub: Event#fire
D, [2014-10-10T12:22:37.358884 #3304] DEBUG -- Pubnub: Event#start_event | sending request
D, [2014-10-10T12:22:37.359514 #3304] DEBUG -- Pubnub: Event#start_event | tt: 0; ctt 0
D, [2014-10-10T12:22:37.360628 #3304] DEBUG -- Pubnub: Pubnub::Publish#uri http://pubsub.pubnub.com/publish/pub-c-ecd86a1b-4ad4-4b48-9d34-8b07cf3d8c3f/sub-c-380453a0-4f40-11e4-b29a-02ee2ddab7fe/0/SmartBike/0/%22Alarma%22?pnsdk=PubNub-Ruby/3.5.8&uuid=cc28ab26-c324-4583-ae47-4523d9b7722a
D, [2014-10-10T12:22:38.633073 #3304] DEBUG -- Pubnub: Event#handle_response
D, [2014-10-10T12:22:38.658033 #3304] DEBUG -- Pubnub: Event#add_common_data_to_envelopes
D, [2014-10-10T12:22:38.660476 #3304] DEBUG -- Pubnub: Firing callbacks
D, [2014-10-10T12:57:12.329419 #3774] DEBUG -- Pubnub: Symbolizing options keys
D, [2014-10-10T12:57:12.330227 #3774] DEBUG -- Pubnub: Setting default values
D, [2014-10-10T12:57:12.331060 #3774] DEBUG -- Pubnub: 

Created new Pubnub::Client instance
D, [2014-10-10T12:57:12.331379 #3774] DEBUG -- Pubnub: Pubnub::Client#start_event_machine | starting EM in new thread
D, [2014-10-10T12:57:12.331603 #3774] DEBUG -- Pubnub: Pubnub::Client#start_event_machine | We're running on thin
D, [2014-10-10T12:57:12.332531 #3774] DEBUG -- Pubnub: Pubnub::Client#start_event_machine | EM started in new thread
D, [2014-10-10T12:57:12.333267 #3774] DEBUG -- Pubnub: Event#initialize | Initialized Pubnub::Publish
D, [2014-10-10T12:57:12.333540 #3774] DEBUG -- Pubnub: Created event Pubnub::Publish
D, [2014-10-10T12:57:12.333881 #3774] DEBUG -- Pubnub: Pubnub::SingleEvent#fire
D, [2014-10-10T12:57:12.334105 #3774] DEBUG -- Pubnub: Pubnub::SingleEvent#fire | Adding event to async_events
D, [2014-10-10T12:57:12.334314 #3774] DEBUG -- Pubnub: Pubnub::SingleEvent#fire | Starting railgun
D, [2014-10-10T12:57:12.334524 #3774] DEBUG -- Pubnub: Pubnub::Client#start_railgun | Initializing railgun
D, [2014-10-10T12:57:12.727246 #3774] DEBUG -- Pubnub: Pubnub::SingleEvent#fire
D, [2014-10-10T12:57:12.728340 #3774] DEBUG -- Pubnub: Pubnub::SingleEvent#fire | Event already on list!
D, [2014-10-10T12:57:12.729008 #3774] DEBUG -- Pubnub: Pubnub::SingleEvent#fire
D, [2014-10-10T12:57:12.805849 #3774] DEBUG -- Pubnub: Pubnub::Event#fire
D, [2014-10-10T12:57:13.600438 #3774] DEBUG -- Pubnub: Event#fire
D, [2014-10-10T12:57:13.602793 #3774] DEBUG -- Pubnub: Event#start_event | sending request
D, [2014-10-10T12:57:13.334216 #3774] DEBUG -- Pubnub: Pubnub::SingleEvent#fire | Event already on list!
D, [2014-10-10T12:57:13.603855 #3774] DEBUG -- Pubnub: Pubnub::Event#fire
D, [2014-10-10T12:57:13.604166 #3774] DEBUG -- Pubnub: Event#fire
D, [2014-10-10T12:57:13.604472 #3774] DEBUG -- Pubnub: Event#start_event | sending request
D, [2014-10-10T12:57:13.606985 #3774] DEBUG -- Pubnub: Event#start_event | tt: 0; ctt 0
D, [2014-10-10T12:57:13.608281 #3774] DEBUG -- Pubnub: Pubnub::Publish#uri http://pubsub.pubnub.com/publish/pub-c-ecd86a1b-4ad4-4b48-9d34-8b07cf3d8c3f/sub-c-380453a0-4f40-11e4-b29a-02ee2ddab7fe/0/SmartBike/0/%22alerta%22?pnsdk=PubNub-Ruby/3.5.8&uuid=3f2efa72-660a-46cd-aa69-4a4375f3afeb
D, [2014-10-10T12:57:13.466269 #3774] DEBUG -- Pubnub: Pubnub::SingleEvent#fire
D, [2014-10-10T12:57:13.630691 #3774] DEBUG -- Pubnub: Pubnub::SingleEvent#fire | Event already on list!
D, [2014-10-10T12:57:13.631440 #3774] DEBUG -- Pubnub: Pubnub::Event#fire
D, [2014-10-10T12:57:13.632089 #3774] DEBUG -- Pubnub: Event#fire
D, [2014-10-10T12:57:13.632745 #3774] DEBUG -- Pubnub: Event#start_event | sending request
D, [2014-10-10T12:57:13.633368 #3774] DEBUG -- Pubnub: Event#start_event | tt: 0; ctt 0
D, [2014-10-10T12:57:12.806401 #3774] DEBUG -- Pubnub: Pubnub::SingleEvent#fire
D, [2014-10-10T12:57:13.635450 #3774] DEBUG -- Pubnub: Pubnub::SingleEvent#fire | Event already on list!
D, [2014-10-10T12:57:13.636044 #3774] DEBUG -- Pubnub: Pubnub::Event#fire
D, [2014-10-10T12:57:13.636627 #3774] DEBUG -- Pubnub: Event#fire
D, [2014-10-10T12:57:13.637788 #3774] DEBUG -- Pubnub: Event#start_event | sending request
D, [2014-10-10T12:57:13.638393 #3774] DEBUG -- Pubnub: Event#start_event | tt: 0; ctt 0
D, [2014-10-10T12:57:13.466619 #3774] DEBUG -- Pubnub: Pubnub::SingleEvent#fire
D, [2014-10-10T12:57:13.640128 #3774] DEBUG -- Pubnub: Pubnub::SingleEvent#fire | Event already on list!
D, [2014-10-10T12:57:13.641007 #3774] DEBUG -- Pubnub: Pubnub::Event#fire
D, [2014-10-10T12:57:13.333936 #3774] DEBUG -- Pubnub: Pubnub::SingleEvent#fire
D, [2014-10-10T12:57:13.642310 #3774] DEBUG -- Pubnub: Pubnub::SingleEvent#fire | Event already on list!
D, [2014-10-10T12:57:13.642850 #3774] DEBUG -- Pubnub: Pubnub::Event#fire
D, [2014-10-10T12:57:13.643352 #3774] DEBUG -- Pubnub: Event#fire
D, [2014-10-10T12:57:13.643866 #3774] DEBUG -- Pubnub: Event#start_event | sending request
D, [2014-10-10T12:57:13.644438 #3774] DEBUG -- Pubnub: Event#start_event | tt: 0; ctt 0
D, [2014-10-10T12:57:13.641538 #3774] DEBUG -- Pubnub: Event#fire
D, [2014-10-10T12:57:13.646250 #3774] DEBUG -- Pubnub: Event#start_event | sending request
D, [2014-10-10T12:57:13.646773 #3774] DEBUG -- Pubnub: Event#start_event | tt: 0; ctt 0
D, [2014-10-10T12:57:13.603426 #3774] DEBUG -- Pubnub: Event#start_event | tt: 0; ctt 0
D, [2014-10-10T12:57:13.649038 #3774] DEBUG -- Pubnub: Pubnub::Publish#uri http://pubsub.pubnub.com/publish/pub-c-ecd86a1b-4ad4-4b48-9d34-8b07cf3d8c3f/sub-c-380453a0-4f40-11e4-b29a-02ee2ddab7fe/0/SmartBike/0/%22alerta%22?pnsdk=PubNub-Ruby/3.5.8&uuid=3f2efa72-660a-46cd-aa69-4a4375f3afeb
D, [2014-10-10T12:57:13.645478 #3774] DEBUG -- Pubnub: Pubnub::Publish#uri http://pubsub.pubnub.com/publish/pub-c-ecd86a1b-4ad4-4b48-9d34-8b07cf3d8c3f/sub-c-380453a0-4f40-11e4-b29a-02ee2ddab7fe/0/SmartBike/0/%22alerta%22?pnsdk=PubNub-Ruby/3.5.8&uuid=3f2efa72-660a-46cd-aa69-4a4375f3afeb
D, [2014-10-10T12:57:13.647847 #3774] DEBUG -- Pubnub: Pubnub::Publish#uri http://pubsub.pubnub.com/publish/pub-c-ecd86a1b-4ad4-4b48-9d34-8b07cf3d8c3f/sub-c-380453a0-4f40-11e4-b29a-02ee2ddab7fe/0/SmartBike/0/%22alerta%22?pnsdk=PubNub-Ruby/3.5.8&uuid=3f2efa72-660a-46cd-aa69-4a4375f3afeb
D, [2014-10-10T12:57:13.639506 #3774] DEBUG -- Pubnub: Pubnub::Publish#uri http://pubsub.pubnub.com/publish/pub-c-ecd86a1b-4ad4-4b48-9d34-8b07cf3d8c3f/sub-c-380453a0-4f40-11e4-b29a-02ee2ddab7fe/0/SmartBike/0/%22alerta%22?pnsdk=PubNub-Ruby/3.5.8&uuid=3f2efa72-660a-46cd-aa69-4a4375f3afeb
D, [2014-10-10T12:57:13.634711 #3774] DEBUG -- Pubnub: Pubnub::Publish#uri http://pubsub.pubnub.com/publish/pub-c-ecd86a1b-4ad4-4b48-9d34-8b07cf3d8c3f/sub-c-380453a0-4f40-11e4-b29a-02ee2ddab7fe/0/SmartBike/0/%22alerta%22?pnsdk=PubNub-Ruby/3.5.8&uuid=3f2efa72-660a-46cd-aa69-4a4375f3afeb
D, [2014-10-10T12:57:13.922288 #3774] DEBUG -- Pubnub: Event#handle_response
D, [2014-10-10T12:57:13.923653 #3774] DEBUG -- Pubnub: Event#add_common_data_to_envelopes
D, [2014-10-10T12:57:13.924019 #3774] DEBUG -- Pubnub: Firing callbacks
D, [2014-10-10T12:57:14.485674 #3774] DEBUG -- Pubnub: Event#handle_response
D, [2014-10-10T12:57:14.608304 #3774] DEBUG -- Pubnub: Event#add_common_data_to_envelopes
D, [2014-10-10T12:57:14.613160 #3774] DEBUG -- Pubnub: Firing callbacks
D, [2014-10-10T12:57:14.487564 #3774] DEBUG -- Pubnub: Event#handle_response
D, [2014-10-10T12:57:14.614776 #3774] DEBUG -- Pubnub: Event#add_common_data_to_envelopes
D, [2014-10-10T12:57:14.615183 #3774] DEBUG -- Pubnub: Firing callbacks
D, [2014-10-10T12:57:14.611760 #3774] DEBUG -- Pubnub: Event#handle_response
D, [2014-10-10T12:57:14.616678 #3774] DEBUG -- Pubnub: Event#add_common_data_to_envelopes
D, [2014-10-10T12:57:14.617333 #3774] DEBUG -- Pubnub: Firing callbacks
D, [2014-10-10T12:57:14.610114 #3774] DEBUG -- Pubnub: Event#handle_response
D, [2014-10-10T12:57:14.607482 #3774] DEBUG -- Pubnub: Event#handle_response
D, [2014-10-10T12:57:14.619928 #3774] DEBUG -- Pubnub: Event#add_common_data_to_envelopes
D, [2014-10-10T12:57:14.618458 #3774] DEBUG -- Pubnub: Event#add_common_data_to_envelopes
D, [2014-10-10T12:57:14.623508 #3774] DEBUG -- Pubnub: Firing callbacks
D, [2014-10-10T12:57:14.622867 #3774] DEBUG -- Pubnub: Firing callbacks
D, [2014-10-17T02:00:29.581670 #4176] DEBUG -- Pubnub: Symbolizing options keys
D, [2014-10-17T02:00:29.622131 #4176] DEBUG -- Pubnub: Setting default values
D, [2014-10-17T02:00:29.622537 #4176] DEBUG -- Pubnub: 

Created new Pubnub::Client instance
D, [2014-10-17T02:00:29.622876 #4176] DEBUG -- Pubnub: Pubnub::Client#start_event_machine | starting EM in new thread
D, [2014-10-17T02:00:29.623069 #4176] DEBUG -- Pubnub: Pubnub::Client#start_event_machine | We're running on thin
D, [2014-10-17T02:00:29.623845 #4176] DEBUG -- Pubnub: Pubnub::Client#start_event_machine | EM started in new thread
D, [2014-10-17T02:00:29.624477 #4176] DEBUG -- Pubnub: Event#initialize | Initialized Pubnub::Publish
D, [2014-10-17T02:00:29.624703 #4176] DEBUG -- Pubnub: Created event Pubnub::Publish
D, [2014-10-17T02:00:29.624851 #4176] DEBUG -- Pubnub: Pubnub::SingleEvent#fire
D, [2014-10-17T02:00:29.624996 #4176] DEBUG -- Pubnub: Pubnub::SingleEvent#fire | Adding event to async_events
D, [2014-10-17T02:00:29.625136 #4176] DEBUG -- Pubnub: Pubnub::SingleEvent#fire | Starting railgun
D, [2014-10-17T02:00:29.625275 #4176] DEBUG -- Pubnub: Pubnub::Client#start_railgun | Initializing railgun
D, [2014-10-17T02:00:29.826121 #4176] DEBUG -- Pubnub: Pubnub::SingleEvent#fire
D, [2014-10-17T02:00:29.827576 #4176] DEBUG -- Pubnub: Pubnub::SingleEvent#fire | Event already on list!
D, [2014-10-17T02:00:29.827905 #4176] DEBUG -- Pubnub: Pubnub::Event#fire
D, [2014-10-17T02:00:29.828157 #4176] DEBUG -- Pubnub: Event#fire
D, [2014-10-17T02:00:29.828728 #4176] DEBUG -- Pubnub: Event#start_event | sending request
D, [2014-10-17T02:00:29.828993 #4176] DEBUG -- Pubnub: Event#start_event | tt: 0; ctt 0
D, [2014-10-17T02:00:29.829752 #4176] DEBUG -- Pubnub: Pubnub::Publish#uri http://pubsub.pubnub.com/publish/pub-c-ecd86a1b-4ad4-4b48-9d34-8b07cf3d8c3f/sub-c-380453a0-4f40-11e4-b29a-02ee2ddab7fe/0/SmartBike/0/%22alerta%22?pnsdk=PubNub-Ruby/3.5.8&uuid=49c6e314-9a49-4e16-ae17-ba034096b263
D, [2014-10-17T02:00:30.732350 #4176] DEBUG -- Pubnub: Event#handle_response
D, [2014-10-17T02:00:30.816102 #4176] DEBUG -- Pubnub: Event#add_common_data_to_envelopes
D, [2014-10-17T02:00:30.839007 #4176] DEBUG -- Pubnub: Firing callbacks
D, [2014-10-17T02:39:31.725111 #4341] DEBUG -- Pubnub: Symbolizing options keys
D, [2014-10-17T02:39:31.799773 #4341] DEBUG -- Pubnub: Setting default values
D, [2014-10-17T02:39:31.800265 #4341] DEBUG -- Pubnub: 

Created new Pubnub::Client instance
D, [2014-10-17T02:39:31.800562 #4341] DEBUG -- Pubnub: Pubnub::Client#start_event_machine | starting EM in new thread
D, [2014-10-17T02:39:31.800792 #4341] DEBUG -- Pubnub: Pubnub::Client#start_event_machine | We're running on thin
D, [2014-10-17T02:39:31.801696 #4341] DEBUG -- Pubnub: Pubnub::Client#start_event_machine | EM started in new thread
D, [2014-10-17T03:00:50.217183 #4399] DEBUG -- Pubnub: Symbolizing options keys
D, [2014-10-17T03:00:50.217862 #4399] DEBUG -- Pubnub: Setting default values
D, [2014-10-17T03:00:50.218334 #4399] DEBUG -- Pubnub: 

Created new Pubnub::Client instance
D, [2014-10-17T03:00:50.218628 #4399] DEBUG -- Pubnub: Pubnub::Client#start_event_machine | starting EM in new thread
D, [2014-10-17T03:00:50.218959 #4399] DEBUG -- Pubnub: Pubnub::Client#start_event_machine | We're running on thin
D, [2014-10-17T03:00:50.219941 #4399] DEBUG -- Pubnub: Pubnub::Client#start_event_machine | EM started in new thread
D, [2014-10-17T03:01:36.651462 #4406] DEBUG -- Pubnub: Symbolizing options keys
D, [2014-10-17T03:01:36.652176 #4406] DEBUG -- Pubnub: Setting default values
D, [2014-10-17T03:01:36.652640 #4406] DEBUG -- Pubnub: 

Created new Pubnub::Client instance
D, [2014-10-17T03:01:36.652936 #4406] DEBUG -- Pubnub: Pubnub::Client#start_event_machine | starting EM in new thread
D, [2014-10-17T03:01:36.653160 #4406] DEBUG -- Pubnub: Pubnub::Client#start_event_machine | We're running on thin
D, [2014-10-17T03:01:36.654057 #4406] DEBUG -- Pubnub: Pubnub::Client#start_event_machine | EM started in new thread
E, [2014-10-17T03:01:36.654722 #4406] ERROR -- Pubnub: ERROR TYPE: Pubnub::ArgumentError
ERROR MESSAGE: Callback parameter is required while using async
ERROR BACKTRACE: 
D, [2014-10-17T03:02:09.341468 #4410] DEBUG -- Pubnub: Symbolizing options keys
D, [2014-10-17T03:02:09.342182 #4410] DEBUG -- Pubnub: Setting default values
D, [2014-10-17T03:02:09.342697 #4410] DEBUG -- Pubnub: 

Created new Pubnub::Client instance
D, [2014-10-17T03:02:09.343034 #4410] DEBUG -- Pubnub: Pubnub::Client#start_event_machine | starting EM in new thread
D, [2014-10-17T03:02:09.343271 #4410] DEBUG -- Pubnub: Pubnub::Client#start_event_machine | We're running on thin
D, [2014-10-17T03:02:09.344373 #4410] DEBUG -- Pubnub: Pubnub::Client#start_event_machine | EM started in new thread
E, [2014-10-17T03:02:09.344980 #4410] ERROR -- Pubnub: ERROR TYPE: Pubnub::ArgumentError
ERROR MESSAGE: Callback parameter is required while using async
ERROR BACKTRACE: 
D, [2014-10-17T03:03:58.872338 #4419] DEBUG -- Pubnub: Symbolizing options keys
D, [2014-10-17T03:03:58.873058 #4419] DEBUG -- Pubnub: Setting default values
D, [2014-10-17T03:03:58.873588 #4419] DEBUG -- Pubnub: 

Created new Pubnub::Client instance
D, [2014-10-17T03:03:58.873945 #4419] DEBUG -- Pubnub: Pubnub::Client#start_event_machine | starting EM in new thread
D, [2014-10-17T03:03:58.874225 #4419] DEBUG -- Pubnub: Pubnub::Client#start_event_machine | We're running on thin
D, [2014-10-17T03:03:58.875327 #4419] DEBUG -- Pubnub: Pubnub::Client#start_event_machine | EM started in new thread
E, [2014-10-17T03:03:58.875948 #4419] ERROR -- Pubnub: ERROR TYPE: Pubnub::ArgumentError
ERROR MESSAGE: Callback parameter is required while using async
ERROR BACKTRACE: 
D, [2014-10-17T11:54:28.877082 #2395] DEBUG -- Pubnub: Symbolizing options keys
D, [2014-10-17T11:54:28.919708 #2395] DEBUG -- Pubnub: Setting default values
D, [2014-10-17T11:54:28.920207 #2395] DEBUG -- Pubnub: 

Created new Pubnub::Client instance
D, [2014-10-17T11:54:28.920515 #2395] DEBUG -- Pubnub: Pubnub::Client#start_event_machine | starting EM in new thread
D, [2014-10-17T11:54:28.920757 #2395] DEBUG -- Pubnub: Pubnub::Client#start_event_machine | We're running on thin
D, [2014-10-17T11:54:28.921681 #2395] DEBUG -- Pubnub: Pubnub::Client#start_event_machine | EM started in new thread
D, [2014-10-17T11:55:50.342849 #2415] DEBUG -- Pubnub: Symbolizing options keys
D, [2014-10-17T11:55:50.343563 #2415] DEBUG -- Pubnub: Setting default values
D, [2014-10-17T11:55:50.344093 #2415] DEBUG -- Pubnub: 

Created new Pubnub::Client instance
D, [2014-10-17T11:55:50.344445 #2415] DEBUG -- Pubnub: Pubnub::Client#start_event_machine | starting EM in new thread
D, [2014-10-17T11:55:50.344759 #2415] DEBUG -- Pubnub: Pubnub::Client#start_event_machine | We're running on thin
D, [2014-10-17T11:55:50.398228 #2415] DEBUG -- Pubnub: Pubnub::Client#start_event_machine | EM started in new thread
D, [2014-10-17T11:56:57.223836 #2425] DEBUG -- Pubnub: Symbolizing options keys
D, [2014-10-17T11:56:57.224560 #2425] DEBUG -- Pubnub: Setting default values
D, [2014-10-17T11:56:57.225034 #2425] DEBUG -- Pubnub: 

Created new Pubnub::Client instance
D, [2014-10-17T11:56:57.225332 #2425] DEBUG -- Pubnub: Pubnub::Client#start_event_machine | starting EM in new thread
D, [2014-10-17T11:56:57.225557 #2425] DEBUG -- Pubnub: Pubnub::Client#start_event_machine | We're running on thin
D, [2014-10-17T11:56:57.226648 #2425] DEBUG -- Pubnub: Pubnub::Client#start_event_machine | EM started in new thread
D, [2014-10-19T16:49:32.177611 #2818] DEBUG -- Pubnub: Symbolizing options keys
D, [2014-10-19T16:49:32.198686 #2818] DEBUG -- Pubnub: Setting default values
D, [2014-10-19T16:49:32.199198 #2818] DEBUG -- Pubnub: 

Created new Pubnub::Client instance
D, [2014-10-19T16:49:32.199509 #2818] DEBUG -- Pubnub: Pubnub::Client#start_event_machine | starting EM in new thread
D, [2014-10-19T16:49:32.199737 #2818] DEBUG -- Pubnub: Pubnub::Client#start_event_machine | We're running on thin
D, [2014-10-19T16:49:32.200667 #2818] DEBUG -- Pubnub: Pubnub::Client#start_event_machine | EM started in new thread
D, [2014-10-19T16:49:32.201470 #2818] DEBUG -- Pubnub: Event#initialize | Initialized Pubnub::Publish
D, [2014-10-19T16:49:32.201756 #2818] DEBUG -- Pubnub: Created event Pubnub::Publish
D, [2014-10-19T16:49:32.202000 #2818] DEBUG -- Pubnub: Pubnub::SingleEvent#fire
D, [2014-10-19T16:49:32.202231 #2818] DEBUG -- Pubnub: Pubnub::SingleEvent#fire | Adding event to async_events
D, [2014-10-19T16:49:32.202455 #2818] DEBUG -- Pubnub: Pubnub::SingleEvent#fire | Starting railgun
D, [2014-10-19T16:49:32.202680 #2818] DEBUG -- Pubnub: Pubnub::Client#start_railgun | Initializing railgun
D, [2014-10-19T16:49:32.366161 #2818] DEBUG -- Pubnub: Pubnub::SingleEvent#fire
D, [2014-10-19T16:49:32.366959 #2818] DEBUG -- Pubnub: Pubnub::SingleEvent#fire | Event already on list!
D, [2014-10-19T16:49:32.367260 #2818] DEBUG -- Pubnub: Pubnub::Event#fire
D, [2014-10-19T16:49:32.369096 #2818] DEBUG -- Pubnub: Event#fire
D, [2014-10-19T16:49:32.378413 #2818] DEBUG -- Pubnub: Event#start_event | sending request
D, [2014-10-19T16:49:32.378981 #2818] DEBUG -- Pubnub: Event#start_event | tt: 0; ctt 0
D, [2014-10-19T16:49:32.379994 #2818] DEBUG -- Pubnub: Pubnub::Publish#uri http://pubsub.pubnub.com/publish/pub-c-ecd86a1b-4ad4-4b48-9d34-8b07cf3d8c3f/sub-c-380453a0-4f40-11e4-b29a-02ee2ddab7fe/0/SmartBike/0/%22alerta%22?pnsdk=PubNub-Ruby/3.5.8&uuid=a2eacaec-2aaf-4232-a0d9-1f72b5e913b5
D, [2014-10-19T16:49:33.234020 #2818] DEBUG -- Pubnub: Event#handle_response
D, [2014-10-19T16:49:33.234890 #2818] DEBUG -- Pubnub: Event#add_common_data_to_envelopes
D, [2014-10-19T16:49:33.235182 #2818] DEBUG -- Pubnub: Firing callbacks
D, [2014-10-19T16:51:46.115399 #2851] DEBUG -- Pubnub: Symbolizing options keys
D, [2014-10-19T16:51:46.116118 #2851] DEBUG -- Pubnub: Setting default values
D, [2014-10-19T16:51:46.116595 #2851] DEBUG -- Pubnub: 

Created new Pubnub::Client instance
D, [2014-10-19T16:51:46.116928 #2851] DEBUG -- Pubnub: Pubnub::Client#start_event_machine | starting EM in new thread
D, [2014-10-19T16:51:46.117179 #2851] DEBUG -- Pubnub: Pubnub::Client#start_event_machine | We're running on thin
D, [2014-10-19T16:51:46.118313 #2851] DEBUG -- Pubnub: Pubnub::Client#start_event_machine | EM started in new thread
D, [2014-10-19T16:51:46.119004 #2851] DEBUG -- Pubnub: Event#initialize | Initialized Pubnub::Publish
D, [2014-10-19T16:51:46.119275 #2851] DEBUG -- Pubnub: Created event Pubnub::Publish
D, [2014-10-19T16:51:46.119506 #2851] DEBUG -- Pubnub: Pubnub::SingleEvent#fire
D, [2014-10-19T16:51:46.119723 #2851] DEBUG -- Pubnub: Pubnub::SingleEvent#fire | Adding event to async_events
D, [2014-10-19T16:51:46.119930 #2851] DEBUG -- Pubnub: Pubnub::SingleEvent#fire | Starting railgun
D, [2014-10-19T16:51:46.120176 #2851] DEBUG -- Pubnub: Pubnub::Client#start_railgun | Initializing railgun
D, [2014-10-19T16:51:46.285156 #2851] DEBUG -- Pubnub: Pubnub::SingleEvent#fire
D, [2014-10-19T16:51:46.285698 #2851] DEBUG -- Pubnub: Pubnub::SingleEvent#fire | Event already on list!
D, [2014-10-19T16:51:46.286056 #2851] DEBUG -- Pubnub: Pubnub::Event#fire
D, [2014-10-19T16:51:46.360152 #2851] DEBUG -- Pubnub: Event#fire
D, [2014-10-19T16:51:46.361024 #2851] DEBUG -- Pubnub: Event#start_event | sending request
D, [2014-10-19T16:51:46.361415 #2851] DEBUG -- Pubnub: Event#start_event | tt: 0; ctt 0
D, [2014-10-19T16:51:46.362557 #2851] DEBUG -- Pubnub: Pubnub::Publish#uri http://pubsub.pubnub.com/publish/pub-c-ecd86a1b-4ad4-4b48-9d34-8b07cf3d8c3f/sub-c-380453a0-4f40-11e4-b29a-02ee2ddab7fe/0/SmartBike/0/%22alerta%22?pnsdk=PubNub-Ruby/3.5.8&uuid=6f71c317-4b13-4c45-9735-7c485d58a88c
D, [2014-10-19T16:51:52.219524 #2851] DEBUG -- Pubnub: Event#handle_response
D, [2014-10-19T16:51:52.331043 #2851] DEBUG -- Pubnub: Event#add_common_data_to_envelopes
D, [2014-10-19T16:51:52.332147 #2851] DEBUG -- Pubnub: Firing callbacks
