Symbolizing options keys
Setting default values


Created new Pubnub::Client instance
Pubnub::Client#start_event_machine | starting EM in new thread
Pubnub::Client#start_event_machine | We're running on thin
Pubnub::Client#start_event_machine | EM started in new thread
Event#initialize | Initialized Pubnub::Publish
Created event Pubnub::Publish
Pubnub::SingleEvent#fire
Pubnub::SingleEvent#fire | Adding event to async_events
Pubnub::SingleEvent#fire | Starting railgun
Pubnub::Client#start_railgun | Initializing railgun
Pubnub::SingleEvent#fire
Pubnub::SingleEvent#fire
Pubnub::SingleEvent#fire | Event already on list!
Pubnub::SingleEvent#fire
Pubnub::SingleEvent#fire | Event already on list!
Pubnub::Event#fire
Event#fire
Pubnub::SingleEvent#fire | Event already on list!
Pubnub::SingleEvent#fire
Pubnub::SingleEvent#fire
Pubnub::Event#fire
Event#start_event | sending request
Pubnub::Event#fire
Pubnub::SingleEvent#fire | Event already on list!
Pubnub::SingleEvent#fire | Event already on list!
Event#fire
Event#start_event | tt: 0; ctt 0
Event#fire
Pubnub::Event#fire
Pubnub::Event#fire
Event#start_event | sending request
Pubnub::Publish#uri http://pubsub.pubnub.com/publish/pub-c-ecd86a1b-4ad4-4b48-9d34-8b07cf3d8c3f/sub-c-380453a0-4f40-11e4-b29a-02ee2ddab7fe/0/SmartBike/0/%22alerta%22?pnsdk=PubNub-Ruby/3.5.8&uuid=8fc69953-ab1d-45a7-9eb0-cf0cd0d021c3
Event#start_event | sending request
Event#start_event | tt: 0; ctt 0
Pubnub::Publish#uri http://pubsub.pubnub.com/publish/pub-c-ecd86a1b-4ad4-4b48-9d34-8b07cf3d8c3f/sub-c-380453a0-4f40-11e4-b29a-02ee2ddab7fe/0/SmartBike/0/%22alerta%22?pnsdk=PubNub-Ruby/3.5.8&uuid=8fc69953-ab1d-45a7-9eb0-cf0cd0d021c3
Event#fire
Event#fire
Event#start_event | tt: 0; ctt 0
Event#start_event | sending request
Event#start_event | tt: 0; ctt 0
Pubnub::Publish#uri http://pubsub.pubnub.com/publish/pub-c-ecd86a1b-4ad4-4b48-9d34-8b07cf3d8c3f/sub-c-380453a0-4f40-11e4-b29a-02ee2ddab7fe/0/SmartBike/0/%22alerta%22?pnsdk=PubNub-Ruby/3.5.8&uuid=8fc69953-ab1d-45a7-9eb0-cf0cd0d021c3
Event#start_event | sending request
Event#start_event | tt: 0; ctt 0
Pubnub::Publish#uri http://pubsub.pubnub.com/publish/pub-c-ecd86a1b-4ad4-4b48-9d34-8b07cf3d8c3f/sub-c-380453a0-4f40-11e4-b29a-02ee2ddab7fe/0/SmartBike/0/%22alerta%22?pnsdk=PubNub-Ruby/3.5.8&uuid=8fc69953-ab1d-45a7-9eb0-cf0cd0d021c3
Pubnub::Publish#uri http://pubsub.pubnub.com/publish/pub-c-ecd86a1b-4ad4-4b48-9d34-8b07cf3d8c3f/sub-c-380453a0-4f40-11e4-b29a-02ee2ddab7fe/0/SmartBike/0/%22alerta%22?pnsdk=PubNub-Ruby/3.5.8&uuid=8fc69953-ab1d-45a7-9eb0-cf0cd0d021c3
Event#handle_response
Event#handle_response
Event#add_common_data_to_envelopes
Firing callbacks
Event#handle_response
Event#add_common_data_to_envelopes
Event#handle_response
Event#handle_response
Event#add_common_data_to_envelopes
Firing callbacks
Event#add_common_data_to_envelopes
Firing callbacks
Firing callbacks
Event#add_common_data_to_envelopes
Firing callbacks
