[ 2014-06-03 14:12:27.3974 4101/b7468700 agents/Watchdog/Main.cpp:538 ]: Options: { 'analytics_log_user' => 'benjamin', 'cleanup_pidfiles' => 'L3RtcC9wYXNzZW5nZXItc3RhbmRhbG9uZS5pZG82ZzgvdGVtcF9kaXJfdG91Y2hlci5waWQ=', 'default_group' => 'benjamin', 'default_python' => 'python', 'default_ruby' => '/usr/bin/ruby1.9.1', 'default_user' => 'benjamin', 'log_level' => '0', 'max_pool_size' => '6', 'passenger_root' => '/tmp/passenger-standalone.ido6g8/locations.ini', 'passenger_version' => '4.0.44', 'pool_idle_time' => '300', 'prestart_urls' => 'aHR0cDovLzAuMC4wLjA6MzAwMAA=', 'temp_dir' => '/tmp', 'union_station_gateway_address' => 'gateway.unionstationapp.com', 'union_station_gateway_port' => '443', 'user_switching' => 'false', 'web_server_passenger_version' => '4.0.44', 'web_server_pid' => '4100', 'web_server_type' => 'nginx', 'web_server_worker_gid' => '-1', 'web_server_worker_uid' => '-1' }
[ 2014-06-03 14:12:27.4184 4104/b7415700 agents/HelperAgent/Main.cpp:649 ]: PassengerHelperAgent online, listening at unix:/tmp/passenger.1.0.4100/generation-0/request
[ 2014-06-03 14:12:27.4388 4110/b747b700 agents/LoggingAgent/Main.cpp:321 ]: PassengerLoggingAgent online, listening at unix:/tmp/passenger.1.0.4100/generation-0/logging
[ 2014-06-03 14:12:27.4399 4101/b7468700 agents/Watchdog/Main.cpp:728 ]: All Phusion Passenger agents started!
App 4141 stdout: 
App 4141 stderr: /var/lib/gems/1.9.1/gems/passenger-4.0.44/lib/phusion_passenger/config/system_metrics_command.rb:31:in `exec'
App 4141 stderr: : No such file or directory - /var/lib/gems/1.9.1/gems/passenger-4.0.44/buildout/agents/PassengerHelperAgent (Errno::ENOENT)
App 4141 stderr: 	from /var/lib/gems/1.9.1/gems/passenger-4.0.44/lib/phusion_passenger/config/system_metrics_command.rb:31:in `run'
App 4141 stderr: 	from /var/lib/gems/1.9.1/gems/passenger-4.0.44/lib/phusion_passenger/config/main.rb:65:in `run!'
App 4141 stderr: 	from /var/lib/gems/1.9.1/gems/passenger-4.0.44/bin/passenger-config:37:in `<main>'
App 4141 stdout: 
[ 2014-06-03 14:12:34.3949 4104/b70ffb40 Pool2/Implementation.cpp:883 ]: Could not spawn process for group /home/benjamin/SmartBike#default: An error occured while starting up the preloader.
     in 'void Passenger::ApplicationPool2::SmartSpawner::handleErrorResponse(Passenger::ApplicationPool2::SmartSpawner::StartupDetails&)' (SmartSpawner.h:451)
     in 'std::string Passenger::ApplicationPool2::SmartSpawner::negotiatePreloaderStartup(Passenger::ApplicationPool2::SmartSpawner::StartupDetails&)' (SmartSpawner.h:562)
     in 'void Passenger::ApplicationPool2::SmartSpawner::startPreloader()' (SmartSpawner.h:202)
     in 'virtual Passenger::ApplicationPool2::ProcessPtr Passenger::ApplicationPool2::SmartSpawner::spawn(const Passenger::ApplicationPool2::Options&)' (SmartSpawner.h:746)
     in 'void Passenger::ApplicationPool2::Group::spawnThreadRealMain(const Passenger::ApplicationPool2::SpawnerPtr&, const Passenger::ApplicationPool2::Options&, unsigned int)' (Implementation.cpp:804)

[ 2014-06-03 14:12:34.3958 4104/b5efdb40 agents/HelperAgent/RequestHandler.h:2221 ]: [Client 20] Cannot checkout session.
Error page:
<p>It looks like Bundler could not find a gem. Maybe you didn't install all the gems that this application needs. To install your gems, please run:</p>

  <pre class="commands">bundle install</pre>

<p>If that didn't work, then the problem is probably caused by your application being run under a different environment than it's supposed to. Please check the following:</p>

<ol>
  <li>Is this app supposed to be run as the <code>benjamin</code> user?</li>
  <li>Is this app being run on the correct Ruby interpreter? Below you will
      see which Ruby interpreter Phusion Passenger attempted to use.</li>
</ol>

<p>-------- The exception is as follows: -------</p>
Could not find rake-10.3.2 in any of the sources (Bundler::GemNotFound)
<pre>  /usr/lib/ruby/vendor_ruby/bundler/spec_set.rb:92:in `block in materialize'
  /usr/lib/ruby/vendor_ruby/bundler/spec_set.rb:85:in `map!'
  /usr/lib/ruby/vendor_ruby/bundler/spec_set.rb:85:in `materialize'
  /usr/lib/ruby/vendor_ruby/bundler/definition.rb:114:in `specs'
  /usr/lib/ruby/vendor_ruby/bundler/definition.rb:159:in `specs_for'
  /usr/lib/ruby/vendor_ruby/bundler/definition.rb:148:in `requested_specs'
  /usr/lib/ruby/vendor_ruby/bundler/environment.rb:18:in `requested_specs'
  /usr/lib/ruby/vendor_ruby/bundler/runtime.rb:13:in `setup'
  /usr/lib/ruby/vendor_ruby/bundler.rb:120:in `setup'
  /usr/lib/ruby/vendor_ruby/bundler/setup.rb:17:in `&lt;top (required)&gt;'
  /usr/lib/ruby/1.9.1/rubygems/custom_require.rb:36:in `require'
  /usr/lib/ruby/1.9.1/rubygems/custom_require.rb:36:in `require'
  /var/lib/gems/1.9.1/gems/passenger-4.0.44/lib/phusion_passenger/loader_shared_helpers.rb:248:in `block in run_load_path_setup_code'
  /var/lib/gems/1.9.1/gems/passenger-4.0.44/lib/phusion_passenger/loader_shared_helpers.rb:351:in `running_bundler'
  /var/lib/gems/1.9.1/gems/passenger-4.0.44/lib/phusion_passenger/loader_shared_helpers.rb:246:in `run_load_path_setup_code'
  /var/lib/gems/1.9.1/gems/passenger-4.0.44/helper-scripts/rack-preloader.rb:100:in `preload_app'
  /var/lib/gems/1.9.1/gems/passenger-4.0.44/helper-scripts/rack-preloader.rb:158:in `&lt;module:App&gt;'
  /var/lib/gems/1.9.1/gems/passenger-4.0.44/helper-scripts/rack-preloader.rb:29:in `&lt;module:PhusionPassenger&gt;'
  /var/lib/gems/1.9.1/gems/passenger-4.0.44/helper-scripts/rack-preloader.rb:28:in `&lt;main&gt;'</pre>

App 4247 stdout: 
App 4247 stderr: /var/lib/gems/1.9.1/gems/passenger-4.0.44/lib/phusion_passenger/config/system_metrics_command.rb:31:in `exec'
App 4247 stderr: : No such file or directory - /var/lib/gems/1.9.1/gems/passenger-4.0.44/buildout/agents/PassengerHelperAgent (Errno::ENOENT)
App 4247 stderr: 	from /var/lib/gems/1.9.1/gems/passenger-4.0.44/lib/phusion_passenger/config/system_metrics_command.rb:31:in `run'
App 4247 stderr: 	from /var/lib/gems/1.9.1/gems/passenger-4.0.44/lib/phusion_passenger/config/main.rb:65:in `run!'
App 4247 stderr: 	from /var/lib/gems/1.9.1/gems/passenger-4.0.44/bin/passenger-config:37:in `<main>'
App 4247 stdout: 
[ 2014-06-03 14:13:19.9199 4104/b70ffb40 Pool2/Implementation.cpp:883 ]: Could not spawn process for group /home/benjamin/SmartBike#default: An error occured while starting up the preloader.
     in 'void Passenger::ApplicationPool2::SmartSpawner::handleErrorResponse(Passenger::ApplicationPool2::SmartSpawner::StartupDetails&)' (SmartSpawner.h:451)
     in 'std::string Passenger::ApplicationPool2::SmartSpawner::negotiatePreloaderStartup(Passenger::ApplicationPool2::SmartSpawner::StartupDetails&)' (SmartSpawner.h:562)
     in 'void Passenger::ApplicationPool2::SmartSpawner::startPreloader()' (SmartSpawner.h:202)
     in 'virtual Passenger::ApplicationPool2::ProcessPtr Passenger::ApplicationPool2::SmartSpawner::spawn(const Passenger::ApplicationPool2::Options&)' (SmartSpawner.h:746)
     in 'void Passenger::ApplicationPool2::Group::spawnThreadRealMain(const Passenger::ApplicationPool2::SpawnerPtr&, const Passenger::ApplicationPool2::Options&, unsigned int)' (Implementation.cpp:804)

[ 2014-06-03 14:13:19.9207 4104/b5efdb40 agents/HelperAgent/RequestHandler.h:2221 ]: [Client 20] Cannot checkout session.
Error page:
<p>It looks like Bundler could not find a gem. Maybe you didn't install all the gems that this application needs. To install your gems, please run:</p>

  <pre class="commands">bundle install</pre>

<p>If that didn't work, then the problem is probably caused by your application being run under a different environment than it's supposed to. Please check the following:</p>

<ol>
  <li>Is this app supposed to be run as the <code>benjamin</code> user?</li>
  <li>Is this app being run on the correct Ruby interpreter? Below you will
      see which Ruby interpreter Phusion Passenger attempted to use.</li>
</ol>

<p>-------- The exception is as follows: -------</p>
Could not find rake-10.3.2 in any of the sources (Bundler::GemNotFound)
<pre>  /usr/lib/ruby/vendor_ruby/bundler/spec_set.rb:92:in `block in materialize'
  /usr/lib/ruby/vendor_ruby/bundler/spec_set.rb:85:in `map!'
  /usr/lib/ruby/vendor_ruby/bundler/spec_set.rb:85:in `materialize'
  /usr/lib/ruby/vendor_ruby/bundler/definition.rb:114:in `specs'
  /usr/lib/ruby/vendor_ruby/bundler/definition.rb:159:in `specs_for'
  /usr/lib/ruby/vendor_ruby/bundler/definition.rb:148:in `requested_specs'
  /usr/lib/ruby/vendor_ruby/bundler/environment.rb:18:in `requested_specs'
  /usr/lib/ruby/vendor_ruby/bundler/runtime.rb:13:in `setup'
  /usr/lib/ruby/vendor_ruby/bundler.rb:120:in `setup'
  /usr/lib/ruby/vendor_ruby/bundler/setup.rb:17:in `&lt;top (required)&gt;'
  /usr/lib/ruby/1.9.1/rubygems/custom_require.rb:36:in `require'
  /usr/lib/ruby/1.9.1/rubygems/custom_require.rb:36:in `require'
  /var/lib/gems/1.9.1/gems/passenger-4.0.44/lib/phusion_passenger/loader_shared_helpers.rb:248:in `block in run_load_path_setup_code'
  /var/lib/gems/1.9.1/gems/passenger-4.0.44/lib/phusion_passenger/loader_shared_helpers.rb:351:in `running_bundler'
  /var/lib/gems/1.9.1/gems/passenger-4.0.44/lib/phusion_passenger/loader_shared_helpers.rb:246:in `run_load_path_setup_code'
  /var/lib/gems/1.9.1/gems/passenger-4.0.44/helper-scripts/rack-preloader.rb:100:in `preload_app'
  /var/lib/gems/1.9.1/gems/passenger-4.0.44/helper-scripts/rack-preloader.rb:158:in `&lt;module:App&gt;'
  /var/lib/gems/1.9.1/gems/passenger-4.0.44/helper-scripts/rack-preloader.rb:29:in `&lt;module:PhusionPassenger&gt;'
  /var/lib/gems/1.9.1/gems/passenger-4.0.44/helper-scripts/rack-preloader.rb:28:in `&lt;main&gt;'</pre>

[ 2014-06-03 14:19:37.5910 4937/b740d700 agents/Watchdog/Main.cpp:538 ]: Options: { 'analytics_log_user' => 'benjamin', 'cleanup_pidfiles' => 'L3RtcC9wYXNzZW5nZXItc3RhbmRhbG9uZS50NzMzaHYvdGVtcF9kaXJfdG91Y2hlci5waWQ=', 'default_group' => 'benjamin', 'default_python' => 'python', 'default_ruby' => '/usr/bin/ruby1.9.1', 'default_user' => 'benjamin', 'log_level' => '0', 'max_pool_size' => '6', 'passenger_root' => '/tmp/passenger-standalone.t733hv/locations.ini', 'passenger_version' => '4.0.44', 'pool_idle_time' => '300', 'prestart_urls' => 'aHR0cDovLzAuMC4wLjA6MzAwMAA=', 'temp_dir' => '/tmp', 'union_station_gateway_address' => 'gateway.unionstationapp.com', 'union_station_gateway_port' => '443', 'user_switching' => 'false', 'web_server_passenger_version' => '4.0.44', 'web_server_pid' => '4936', 'web_server_type' => 'nginx', 'web_server_worker_gid' => '-1', 'web_server_worker_uid' => '-1' }
[ 2014-06-03 14:19:37.7273 4940/b749d700 agents/HelperAgent/Main.cpp:649 ]: PassengerHelperAgent online, listening at unix:/tmp/passenger.1.0.4936/generation-0/request
[ 2014-06-03 14:19:37.8893 4946/b746e700 agents/LoggingAgent/Main.cpp:321 ]: PassengerLoggingAgent online, listening at unix:/tmp/passenger.1.0.4936/generation-0/logging
[ 2014-06-03 14:19:37.8905 4937/b740d700 agents/Watchdog/Main.cpp:728 ]: All Phusion Passenger agents started!
App 4977 stdout: 
App 4977 stderr: /var/lib/gems/1.9.1/gems/passenger-4.0.44/lib/phusion_passenger/config/system_metrics_command.rb:31:in `exec'
App 4977 stderr: : No such file or directory - /var/lib/gems/1.9.1/gems/passenger-4.0.44/buildout/agents/PassengerHelperAgent (Errno::ENOENT)
App 4977 stderr: 	from /var/lib/gems/1.9.1/gems/passenger-4.0.44/lib/phusion_passenger/config/system_metrics_command.rb:31:in `run'
App 4977 stderr: 	from /var/lib/gems/1.9.1/gems/passenger-4.0.44/lib/phusion_passenger/config/main.rb:65:in `run!'
App 4977 stderr: 	from /var/lib/gems/1.9.1/gems/passenger-4.0.44/bin/passenger-config:37:in `<main>'
App 4977 stdout: 
[ 2014-06-03 14:19:42.6102 4940/b589ab40 Pool2/Implementation.cpp:883 ]: Could not spawn process for group /home/benjamin/SmartBike#default: An error occured while starting up the preloader.
     in 'void Passenger::ApplicationPool2::SmartSpawner::handleErrorResponse(Passenger::ApplicationPool2::SmartSpawner::StartupDetails&)' (SmartSpawner.h:451)
     in 'std::string Passenger::ApplicationPool2::SmartSpawner::negotiatePreloaderStartup(Passenger::ApplicationPool2::SmartSpawner::StartupDetails&)' (SmartSpawner.h:562)
     in 'void Passenger::ApplicationPool2::SmartSpawner::startPreloader()' (SmartSpawner.h:202)
     in 'virtual Passenger::ApplicationPool2::ProcessPtr Passenger::ApplicationPool2::SmartSpawner::spawn(const Passenger::ApplicationPool2::Options&)' (SmartSpawner.h:746)
     in 'void Passenger::ApplicationPool2::Group::spawnThreadRealMain(const Passenger::ApplicationPool2::SpawnerPtr&, const Passenger::ApplicationPool2::Options&, unsigned int)' (Implementation.cpp:804)

[ 2014-06-03 14:19:42.6120 4940/b60dcb40 agents/HelperAgent/RequestHandler.h:2221 ]: [Client 20] Cannot checkout session.
Error page:
<p>It looks like Bundler could not find a gem. Maybe you didn't install all the gems that this application needs. To install your gems, please run:</p>

  <pre class="commands">bundle install</pre>

<p>If that didn't work, then the problem is probably caused by your application being run under a different environment than it's supposed to. Please check the following:</p>

<ol>
  <li>Is this app supposed to be run as the <code>benjamin</code> user?</li>
  <li>Is this app being run on the correct Ruby interpreter? Below you will
      see which Ruby interpreter Phusion Passenger attempted to use.</li>
</ol>

<p>-------- The exception is as follows: -------</p>
Could not find rake-10.3.2 in any of the sources (Bundler::GemNotFound)
<pre>  /usr/lib/ruby/vendor_ruby/bundler/spec_set.rb:92:in `block in materialize'
  /usr/lib/ruby/vendor_ruby/bundler/spec_set.rb:85:in `map!'
  /usr/lib/ruby/vendor_ruby/bundler/spec_set.rb:85:in `materialize'
  /usr/lib/ruby/vendor_ruby/bundler/definition.rb:114:in `specs'
  /usr/lib/ruby/vendor_ruby/bundler/definition.rb:159:in `specs_for'
  /usr/lib/ruby/vendor_ruby/bundler/definition.rb:148:in `requested_specs'
  /usr/lib/ruby/vendor_ruby/bundler/environment.rb:18:in `requested_specs'
  /usr/lib/ruby/vendor_ruby/bundler/runtime.rb:13:in `setup'
  /usr/lib/ruby/vendor_ruby/bundler.rb:120:in `setup'
  /usr/lib/ruby/vendor_ruby/bundler/setup.rb:17:in `&lt;top (required)&gt;'
  /usr/lib/ruby/1.9.1/rubygems/custom_require.rb:36:in `require'
  /usr/lib/ruby/1.9.1/rubygems/custom_require.rb:36:in `require'
  /var/lib/gems/1.9.1/gems/passenger-4.0.44/lib/phusion_passenger/loader_shared_helpers.rb:248:in `block in run_load_path_setup_code'
  /var/lib/gems/1.9.1/gems/passenger-4.0.44/lib/phusion_passenger/loader_shared_helpers.rb:351:in `running_bundler'
  /var/lib/gems/1.9.1/gems/passenger-4.0.44/lib/phusion_passenger/loader_shared_helpers.rb:246:in `run_load_path_setup_code'
  /var/lib/gems/1.9.1/gems/passenger-4.0.44/helper-scripts/rack-preloader.rb:100:in `preload_app'
  /var/lib/gems/1.9.1/gems/passenger-4.0.44/helper-scripts/rack-preloader.rb:158:in `&lt;module:App&gt;'
  /var/lib/gems/1.9.1/gems/passenger-4.0.44/helper-scripts/rack-preloader.rb:29:in `&lt;module:PhusionPassenger&gt;'
  /var/lib/gems/1.9.1/gems/passenger-4.0.44/helper-scripts/rack-preloader.rb:28:in `&lt;main&gt;'</pre>

App 5082 stdout: 
App 5082 stderr: /var/lib/gems/1.9.1/gems/passenger-4.0.44/lib/phusion_passenger/config/system_metrics_command.rb:31:in `exec'
App 5082 stderr: : No such file or directory - /var/lib/gems/1.9.1/gems/passenger-4.0.44/buildout/agents/PassengerHelperAgent (Errno::ENOENT)
App 5082 stderr: 	from /var/lib/gems/1.9.1/gems/passenger-4.0.44/lib/phusion_passenger/config/system_metrics_command.rb:31:in `run'
App 5082 stderr: 	from /var/lib/gems/1.9.1/gems/passenger-4.0.44/lib/phusion_passenger/config/main.rb:65:in `run!'
App 5082 stderr: 	from /var/lib/gems/1.9.1/gems/passenger-4.0.44/bin/passenger-config:37:in `<main>'
App 5082 stdout: 
[ 2014-06-03 14:19:49.2561 4940/b589ab40 Pool2/Implementation.cpp:883 ]: Could not spawn process for group /home/benjamin/SmartBike#default: An error occured while starting up the preloader.
     in 'void Passenger::ApplicationPool2::SmartSpawner::handleErrorResponse(Passenger::ApplicationPool2::SmartSpawner::StartupDetails&)' (SmartSpawner.h:451)
     in 'std::string Passenger::ApplicationPool2::SmartSpawner::negotiatePreloaderStartup(Passenger::ApplicationPool2::SmartSpawner::StartupDetails&)' (SmartSpawner.h:562)
     in 'void Passenger::ApplicationPool2::SmartSpawner::startPreloader()' (SmartSpawner.h:202)
     in 'virtual Passenger::ApplicationPool2::ProcessPtr Passenger::ApplicationPool2::SmartSpawner::spawn(const Passenger::ApplicationPool2::Options&)' (SmartSpawner.h:746)
     in 'void Passenger::ApplicationPool2::Group::spawnThreadRealMain(const Passenger::ApplicationPool2::SpawnerPtr&, const Passenger::ApplicationPool2::Options&, unsigned int)' (Implementation.cpp:804)

[ 2014-06-03 14:19:49.2570 4940/b60dcb40 agents/HelperAgent/RequestHandler.h:2221 ]: [Client 20] Cannot checkout session.
Error page:
<p>It looks like Bundler could not find a gem. Maybe you didn't install all the gems that this application needs. To install your gems, please run:</p>

  <pre class="commands">bundle install</pre>

<p>If that didn't work, then the problem is probably caused by your application being run under a different environment than it's supposed to. Please check the following:</p>

<ol>
  <li>Is this app supposed to be run as the <code>benjamin</code> user?</li>
  <li>Is this app being run on the correct Ruby interpreter? Below you will
      see which Ruby interpreter Phusion Passenger attempted to use.</li>
</ol>

<p>-------- The exception is as follows: -------</p>
Could not find rake-10.3.2 in any of the sources (Bundler::GemNotFound)
<pre>  /usr/lib/ruby/vendor_ruby/bundler/spec_set.rb:92:in `block in materialize'
  /usr/lib/ruby/vendor_ruby/bundler/spec_set.rb:85:in `map!'
  /usr/lib/ruby/vendor_ruby/bundler/spec_set.rb:85:in `materialize'
  /usr/lib/ruby/vendor_ruby/bundler/definition.rb:114:in `specs'
  /usr/lib/ruby/vendor_ruby/bundler/definition.rb:159:in `specs_for'
  /usr/lib/ruby/vendor_ruby/bundler/definition.rb:148:in `requested_specs'
  /usr/lib/ruby/vendor_ruby/bundler/environment.rb:18:in `requested_specs'
  /usr/lib/ruby/vendor_ruby/bundler/runtime.rb:13:in `setup'
  /usr/lib/ruby/vendor_ruby/bundler.rb:120:in `setup'
  /usr/lib/ruby/vendor_ruby/bundler/setup.rb:17:in `&lt;top (required)&gt;'
  /usr/lib/ruby/1.9.1/rubygems/custom_require.rb:36:in `require'
  /usr/lib/ruby/1.9.1/rubygems/custom_require.rb:36:in `require'
  /var/lib/gems/1.9.1/gems/passenger-4.0.44/lib/phusion_passenger/loader_shared_helpers.rb:248:in `block in run_load_path_setup_code'
  /var/lib/gems/1.9.1/gems/passenger-4.0.44/lib/phusion_passenger/loader_shared_helpers.rb:351:in `running_bundler'
  /var/lib/gems/1.9.1/gems/passenger-4.0.44/lib/phusion_passenger/loader_shared_helpers.rb:246:in `run_load_path_setup_code'
  /var/lib/gems/1.9.1/gems/passenger-4.0.44/helper-scripts/rack-preloader.rb:100:in `preload_app'
  /var/lib/gems/1.9.1/gems/passenger-4.0.44/helper-scripts/rack-preloader.rb:158:in `&lt;module:App&gt;'
  /var/lib/gems/1.9.1/gems/passenger-4.0.44/helper-scripts/rack-preloader.rb:29:in `&lt;module:PhusionPassenger&gt;'
  /var/lib/gems/1.9.1/gems/passenger-4.0.44/helper-scripts/rack-preloader.rb:28:in `&lt;main&gt;'</pre>

[ 2014-06-03 14:23:08.4582 5243/b7461700 agents/Watchdog/Main.cpp:538 ]: Options: { 'analytics_log_user' => 'benjamin', 'cleanup_pidfiles' => 'L3RtcC9wYXNzZW5nZXItc3RhbmRhbG9uZS4xbnlpNzFwL3RlbXBfZGlyX3RvdWNoZXIucGlk', 'default_group' => 'benjamin', 'default_python' => 'python', 'default_ruby' => '/usr/bin/ruby1.9.1', 'default_user' => 'benjamin', 'log_level' => '0', 'max_pool_size' => '6', 'passenger_root' => '/tmp/passenger-standalone.1nyi71p/locations.ini', 'passenger_version' => '4.0.44', 'pool_idle_time' => '300', 'prestart_urls' => 'aHR0cDovLzAuMC4wLjA6MzAwMAA=', 'temp_dir' => '/tmp', 'union_station_gateway_address' => 'gateway.unionstationapp.com', 'union_station_gateway_port' => '443', 'user_switching' => 'false', 'web_server_passenger_version' => '4.0.44', 'web_server_pid' => '5242', 'web_server_type' => 'nginx', 'web_server_worker_gid' => '-1', 'web_server_worker_uid' => '-1' }
[ 2014-06-03 14:23:08.6028 5246/b749c700 agents/HelperAgent/Main.cpp:649 ]: PassengerHelperAgent online, listening at unix:/tmp/passenger.1.0.5242/generation-0/request
[ 2014-06-03 14:23:08.8093 5252/b73df700 agents/LoggingAgent/Main.cpp:321 ]: PassengerLoggingAgent online, listening at unix:/tmp/passenger.1.0.5242/generation-0/logging
[ 2014-06-03 14:23:08.8106 5243/b7461700 agents/Watchdog/Main.cpp:728 ]: All Phusion Passenger agents started!
App 5283 stdout: 
App 5283 stderr: /var/lib/gems/1.9.1/gems/passenger-4.0.44/lib/phusion_passenger/config/system_metrics_command.rb:31:in `exec'
App 5283 stderr: : No such file or directory - /var/lib/gems/1.9.1/gems/passenger-4.0.44/buildout/agents/PassengerHelperAgent (Errno::ENOENT)
App 5283 stderr: 	from /var/lib/gems/1.9.1/gems/passenger-4.0.44/lib/phusion_passenger/config/system_metrics_command.rb:31:in `run'
App 5283 stderr: 	from /var/lib/gems/1.9.1/gems/passenger-4.0.44/lib/phusion_passenger/config/main.rb:65:in `run!'
App 5283 stderr: 	from /var/lib/gems/1.9.1/gems/passenger-4.0.44/bin/passenger-config:37:in `<main>'
App 5283 stdout: 
[ 2014-06-03 14:23:14.1834 5246/b589ab40 Pool2/Implementation.cpp:883 ]: Could not spawn process for group /home/benjamin/SmartBike#default: An error occured while starting up the preloader.
     in 'void Passenger::ApplicationPool2::SmartSpawner::handleErrorResponse(Passenger::ApplicationPool2::SmartSpawner::StartupDetails&)' (SmartSpawner.h:451)
     in 'std::string Passenger::ApplicationPool2::SmartSpawner::negotiatePreloaderStartup(Passenger::ApplicationPool2::SmartSpawner::StartupDetails&)' (SmartSpawner.h:562)
     in 'void Passenger::ApplicationPool2::SmartSpawner::startPreloader()' (SmartSpawner.h:202)
     in 'virtual Passenger::ApplicationPool2::ProcessPtr Passenger::ApplicationPool2::SmartSpawner::spawn(const Passenger::ApplicationPool2::Options&)' (SmartSpawner.h:746)
     in 'void Passenger::ApplicationPool2::Group::spawnThreadRealMain(const Passenger::ApplicationPool2::SpawnerPtr&, const Passenger::ApplicationPool2::Options&, unsigned int)' (Implementation.cpp:804)

[ 2014-06-03 14:23:14.1848 5246/b60dcb40 agents/HelperAgent/RequestHandler.h:2221 ]: [Client 20] Cannot checkout session.
Error page:
<p>It looks like Bundler could not find a gem. Maybe you didn't install all the gems that this application needs. To install your gems, please run:</p>

  <pre class="commands">bundle install</pre>

<p>If that didn't work, then the problem is probably caused by your application being run under a different environment than it's supposed to. Please check the following:</p>

<ol>
  <li>Is this app supposed to be run as the <code>benjamin</code> user?</li>
  <li>Is this app being run on the correct Ruby interpreter? Below you will
      see which Ruby interpreter Phusion Passenger attempted to use.</li>
</ol>

<p>-------- The exception is as follows: -------</p>
Could not find rake-10.3.2 in any of the sources (Bundler::GemNotFound)
<pre>  /usr/lib/ruby/vendor_ruby/bundler/spec_set.rb:92:in `block in materialize'
  /usr/lib/ruby/vendor_ruby/bundler/spec_set.rb:85:in `map!'
  /usr/lib/ruby/vendor_ruby/bundler/spec_set.rb:85:in `materialize'
  /usr/lib/ruby/vendor_ruby/bundler/definition.rb:114:in `specs'
  /usr/lib/ruby/vendor_ruby/bundler/definition.rb:159:in `specs_for'
  /usr/lib/ruby/vendor_ruby/bundler/definition.rb:148:in `requested_specs'
  /usr/lib/ruby/vendor_ruby/bundler/environment.rb:18:in `requested_specs'
  /usr/lib/ruby/vendor_ruby/bundler/runtime.rb:13:in `setup'
  /usr/lib/ruby/vendor_ruby/bundler.rb:120:in `setup'
  /usr/lib/ruby/vendor_ruby/bundler/setup.rb:17:in `&lt;top (required)&gt;'
  /usr/lib/ruby/1.9.1/rubygems/custom_require.rb:36:in `require'
  /usr/lib/ruby/1.9.1/rubygems/custom_require.rb:36:in `require'
  /var/lib/gems/1.9.1/gems/passenger-4.0.44/lib/phusion_passenger/loader_shared_helpers.rb:248:in `block in run_load_path_setup_code'
  /var/lib/gems/1.9.1/gems/passenger-4.0.44/lib/phusion_passenger/loader_shared_helpers.rb:351:in `running_bundler'
  /var/lib/gems/1.9.1/gems/passenger-4.0.44/lib/phusion_passenger/loader_shared_helpers.rb:246:in `run_load_path_setup_code'
  /var/lib/gems/1.9.1/gems/passenger-4.0.44/helper-scripts/rack-preloader.rb:100:in `preload_app'
  /var/lib/gems/1.9.1/gems/passenger-4.0.44/helper-scripts/rack-preloader.rb:158:in `&lt;module:App&gt;'
  /var/lib/gems/1.9.1/gems/passenger-4.0.44/helper-scripts/rack-preloader.rb:29:in `&lt;module:PhusionPassenger&gt;'
  /var/lib/gems/1.9.1/gems/passenger-4.0.44/helper-scripts/rack-preloader.rb:28:in `&lt;main&gt;'</pre>

App 5388 stdout: 
App 5388 stderr: /var/lib/gems/1.9.1/gems/passenger-4.0.44/lib/phusion_passenger/config/system_metrics_command.rb:31:in `exec'
App 5388 stderr: : No such file or directory - /var/lib/gems/1.9.1/gems/passenger-4.0.44/buildout/agents/PassengerHelperAgent (Errno::ENOENT)
App 5388 stderr: 	from /var/lib/gems/1.9.1/gems/passenger-4.0.44/lib/phusion_passenger/config/system_metrics_command.rb:31:in `run'
App 5388 stderr: 	from /var/lib/gems/1.9.1/gems/passenger-4.0.44/lib/phusion_passenger/config/main.rb:65:in `run!'
App 5388 stderr: 	from /var/lib/gems/1.9.1/gems/passenger-4.0.44/bin/passenger-config:37:in `<main>'
App 5388 stdout: 
[ 2014-06-03 14:23:21.8809 5246/b589ab40 Pool2/Implementation.cpp:883 ]: Could not spawn process for group /home/benjamin/SmartBike#default: An error occured while starting up the preloader.
     in 'void Passenger::ApplicationPool2::SmartSpawner::handleErrorResponse(Passenger::ApplicationPool2::SmartSpawner::StartupDetails&)' (SmartSpawner.h:451)
     in 'std::string Passenger::ApplicationPool2::SmartSpawner::negotiatePreloaderStartup(Passenger::ApplicationPool2::SmartSpawner::StartupDetails&)' (SmartSpawner.h:562)
     in 'void Passenger::ApplicationPool2::SmartSpawner::startPreloader()' (SmartSpawner.h:202)
     in 'virtual Passenger::ApplicationPool2::ProcessPtr Passenger::ApplicationPool2::SmartSpawner::spawn(const Passenger::ApplicationPool2::Options&)' (SmartSpawner.h:746)
     in 'void Passenger::ApplicationPool2::Group::spawnThreadRealMain(const Passenger::ApplicationPool2::SpawnerPtr&, const Passenger::ApplicationPool2::Options&, unsigned int)' (Implementation.cpp:804)

[ 2014-06-03 14:23:21.8825 5246/b60dcb40 agents/HelperAgent/RequestHandler.h:2221 ]: [Client 20] Cannot checkout session.
Error page:
<p>It looks like Bundler could not find a gem. Maybe you didn't install all the gems that this application needs. To install your gems, please run:</p>

  <pre class="commands">bundle install</pre>

<p>If that didn't work, then the problem is probably caused by your application being run under a different environment than it's supposed to. Please check the following:</p>

<ol>
  <li>Is this app supposed to be run as the <code>benjamin</code> user?</li>
  <li>Is this app being run on the correct Ruby interpreter? Below you will
      see which Ruby interpreter Phusion Passenger attempted to use.</li>
</ol>

<p>-------- The exception is as follows: -------</p>
Could not find rake-10.3.2 in any of the sources (Bundler::GemNotFound)
<pre>  /usr/lib/ruby/vendor_ruby/bundler/spec_set.rb:92:in `block in materialize'
  /usr/lib/ruby/vendor_ruby/bundler/spec_set.rb:85:in `map!'
  /usr/lib/ruby/vendor_ruby/bundler/spec_set.rb:85:in `materialize'
  /usr/lib/ruby/vendor_ruby/bundler/definition.rb:114:in `specs'
  /usr/lib/ruby/vendor_ruby/bundler/definition.rb:159:in `specs_for'
  /usr/lib/ruby/vendor_ruby/bundler/definition.rb:148:in `requested_specs'
  /usr/lib/ruby/vendor_ruby/bundler/environment.rb:18:in `requested_specs'
  /usr/lib/ruby/vendor_ruby/bundler/runtime.rb:13:in `setup'
  /usr/lib/ruby/vendor_ruby/bundler.rb:120:in `setup'
  /usr/lib/ruby/vendor_ruby/bundler/setup.rb:17:in `&lt;top (required)&gt;'
  /usr/lib/ruby/1.9.1/rubygems/custom_require.rb:36:in `require'
  /usr/lib/ruby/1.9.1/rubygems/custom_require.rb:36:in `require'
  /var/lib/gems/1.9.1/gems/passenger-4.0.44/lib/phusion_passenger/loader_shared_helpers.rb:248:in `block in run_load_path_setup_code'
  /var/lib/gems/1.9.1/gems/passenger-4.0.44/lib/phusion_passenger/loader_shared_helpers.rb:351:in `running_bundler'
  /var/lib/gems/1.9.1/gems/passenger-4.0.44/lib/phusion_passenger/loader_shared_helpers.rb:246:in `run_load_path_setup_code'
  /var/lib/gems/1.9.1/gems/passenger-4.0.44/helper-scripts/rack-preloader.rb:100:in `preload_app'
  /var/lib/gems/1.9.1/gems/passenger-4.0.44/helper-scripts/rack-preloader.rb:158:in `&lt;module:App&gt;'
  /var/lib/gems/1.9.1/gems/passenger-4.0.44/helper-scripts/rack-preloader.rb:29:in `&lt;module:PhusionPassenger&gt;'
  /var/lib/gems/1.9.1/gems/passenger-4.0.44/helper-scripts/rack-preloader.rb:28:in `&lt;main&gt;'</pre>

App 5494 stdout: 
App 5494 stderr: /var/lib/gems/1.9.1/gems/passenger-4.0.44/lib/phusion_passenger/config/system_metrics_command.rb:31:in `exec'
App 5494 stderr: : No such file or directory - /var/lib/gems/1.9.1/gems/passenger-4.0.44/buildout/agents/PassengerHelperAgent (Errno::ENOENT)
App 5494 stderr: 	from /var/lib/gems/1.9.1/gems/passenger-4.0.44/lib/phusion_passenger/config/system_metrics_command.rb:31:in `run'
App 5494 stderr: 	from /var/lib/gems/1.9.1/gems/passenger-4.0.44/lib/phusion_passenger/config/main.rb:65:in `run!'
App 5494 stderr: 	from /var/lib/gems/1.9.1/gems/passenger-4.0.44/bin/passenger-config:37:in `<main>'
App 5494 stdout: 
[ 2014-06-03 14:23:30.1595 5246/b589ab40 Pool2/Implementation.cpp:883 ]: Could not spawn process for group /home/benjamin/SmartBike#default: An error occured while starting up the preloader.
     in 'void Passenger::ApplicationPool2::SmartSpawner::handleErrorResponse(Passenger::ApplicationPool2::SmartSpawner::StartupDetails&)' (SmartSpawner.h:451)
     in 'std::string Passenger::ApplicationPool2::SmartSpawner::negotiatePreloaderStartup(Passenger::ApplicationPool2::SmartSpawner::StartupDetails&)' (SmartSpawner.h:562)
     in 'void Passenger::ApplicationPool2::SmartSpawner::startPreloader()' (SmartSpawner.h:202)
     in 'virtual Passenger::ApplicationPool2::ProcessPtr Passenger::ApplicationPool2::SmartSpawner::spawn(const Passenger::ApplicationPool2::Options&)' (SmartSpawner.h:746)
     in 'void Passenger::ApplicationPool2::Group::spawnThreadRealMain(const Passenger::ApplicationPool2::SpawnerPtr&, const Passenger::ApplicationPool2::Options&, unsigned int)' (Implementation.cpp:804)

[ 2014-06-03 14:23:30.1606 5246/b60dcb40 agents/HelperAgent/RequestHandler.h:2221 ]: [Client 20] Cannot checkout session.
Error page:
<p>It looks like Bundler could not find a gem. Maybe you didn't install all the gems that this application needs. To install your gems, please run:</p>

  <pre class="commands">bundle install</pre>

<p>If that didn't work, then the problem is probably caused by your application being run under a different environment than it's supposed to. Please check the following:</p>

<ol>
  <li>Is this app supposed to be run as the <code>benjamin</code> user?</li>
  <li>Is this app being run on the correct Ruby interpreter? Below you will
      see which Ruby interpreter Phusion Passenger attempted to use.</li>
</ol>

<p>-------- The exception is as follows: -------</p>
Could not find rake-10.3.2 in any of the sources (Bundler::GemNotFound)
<pre>  /usr/lib/ruby/vendor_ruby/bundler/spec_set.rb:92:in `block in materialize'
  /usr/lib/ruby/vendor_ruby/bundler/spec_set.rb:85:in `map!'
  /usr/lib/ruby/vendor_ruby/bundler/spec_set.rb:85:in `materialize'
  /usr/lib/ruby/vendor_ruby/bundler/definition.rb:114:in `specs'
  /usr/lib/ruby/vendor_ruby/bundler/definition.rb:159:in `specs_for'
  /usr/lib/ruby/vendor_ruby/bundler/definition.rb:148:in `requested_specs'
  /usr/lib/ruby/vendor_ruby/bundler/environment.rb:18:in `requested_specs'
  /usr/lib/ruby/vendor_ruby/bundler/runtime.rb:13:in `setup'
  /usr/lib/ruby/vendor_ruby/bundler.rb:120:in `setup'
  /usr/lib/ruby/vendor_ruby/bundler/setup.rb:17:in `&lt;top (required)&gt;'
  /usr/lib/ruby/1.9.1/rubygems/custom_require.rb:36:in `require'
  /usr/lib/ruby/1.9.1/rubygems/custom_require.rb:36:in `require'
  /var/lib/gems/1.9.1/gems/passenger-4.0.44/lib/phusion_passenger/loader_shared_helpers.rb:248:in `block in run_load_path_setup_code'
  /var/lib/gems/1.9.1/gems/passenger-4.0.44/lib/phusion_passenger/loader_shared_helpers.rb:351:in `running_bundler'
  /var/lib/gems/1.9.1/gems/passenger-4.0.44/lib/phusion_passenger/loader_shared_helpers.rb:246:in `run_load_path_setup_code'
  /var/lib/gems/1.9.1/gems/passenger-4.0.44/helper-scripts/rack-preloader.rb:100:in `preload_app'
  /var/lib/gems/1.9.1/gems/passenger-4.0.44/helper-scripts/rack-preloader.rb:158:in `&lt;module:App&gt;'
  /var/lib/gems/1.9.1/gems/passenger-4.0.44/helper-scripts/rack-preloader.rb:29:in `&lt;module:PhusionPassenger&gt;'
  /var/lib/gems/1.9.1/gems/passenger-4.0.44/helper-scripts/rack-preloader.rb:28:in `&lt;main&gt;'</pre>

[ 2014-06-03 14:26:58.4834 5658/b7482700 agents/Watchdog/Main.cpp:538 ]: Options: { 'analytics_log_user' => 'benjamin', 'cleanup_pidfiles' => 'L3RtcC9wYXNzZW5nZXItc3RhbmRhbG9uZS4xcXVjOXRlL3RlbXBfZGlyX3RvdWNoZXIucGlk', 'default_group' => 'benjamin', 'default_python' => 'python', 'default_ruby' => '/usr/bin/ruby1.9.1', 'default_user' => 'benjamin', 'log_level' => '0', 'max_pool_size' => '6', 'passenger_root' => '/tmp/passenger-standalone.1quc9te/locations.ini', 'passenger_version' => '4.0.44', 'pool_idle_time' => '300', 'prestart_urls' => 'aHR0cDovLzAuMC4wLjA6MzAwMAA=', 'temp_dir' => '/tmp', 'union_station_gateway_address' => 'gateway.unionstationapp.com', 'union_station_gateway_port' => '443', 'user_switching' => 'false', 'web_server_passenger_version' => '4.0.44', 'web_server_pid' => '5657', 'web_server_type' => 'nginx', 'web_server_worker_gid' => '-1', 'web_server_worker_uid' => '-1' }
[ 2014-06-03 14:26:58.5045 5661/b7454700 agents/HelperAgent/Main.cpp:649 ]: PassengerHelperAgent online, listening at unix:/tmp/passenger.1.0.5657/generation-0/request
[ 2014-06-03 14:26:58.5249 5667/b739b700 agents/LoggingAgent/Main.cpp:321 ]: PassengerLoggingAgent online, listening at unix:/tmp/passenger.1.0.5657/generation-0/logging
[ 2014-06-03 14:26:58.5258 5658/b7482700 agents/Watchdog/Main.cpp:728 ]: All Phusion Passenger agents started!
App 5698 stdout: 
App 5698 stderr: /var/lib/gems/1.9.1/gems/passenger-4.0.44/lib/phusion_passenger/config/system_metrics_command.rb:31:in `exec'
App 5698 stderr: : No such file or directory - /var/lib/gems/1.9.1/gems/passenger-4.0.44/buildout/agents/PassengerHelperAgent (Errno::ENOENT)
App 5698 stderr: 	from /var/lib/gems/1.9.1/gems/passenger-4.0.44/lib/phusion_passenger/config/system_metrics_command.rb:31:in `run'
App 5698 stderr: 	from /var/lib/gems/1.9.1/gems/passenger-4.0.44/lib/phusion_passenger/config/main.rb:65:in `run!'
App 5698 stderr: 	from /var/lib/gems/1.9.1/gems/passenger-4.0.44/bin/passenger-config:37:in `<main>'
App 5698 stdout: 
[ 2014-06-03 14:27:02.5719 5661/b725cb40 Pool2/Implementation.cpp:883 ]: Could not spawn process for group /home/benjamin/SmartBike#default: An error occured while starting up the preloader.
     in 'void Passenger::ApplicationPool2::SmartSpawner::handleErrorResponse(Passenger::ApplicationPool2::SmartSpawner::StartupDetails&)' (SmartSpawner.h:451)
     in 'std::string Passenger::ApplicationPool2::SmartSpawner::negotiatePreloaderStartup(Passenger::ApplicationPool2::SmartSpawner::StartupDetails&)' (SmartSpawner.h:562)
     in 'void Passenger::ApplicationPool2::SmartSpawner::startPreloader()' (SmartSpawner.h:202)
     in 'virtual Passenger::ApplicationPool2::ProcessPtr Passenger::ApplicationPool2::SmartSpawner::spawn(const Passenger::ApplicationPool2::Options&)' (SmartSpawner.h:746)
     in 'void Passenger::ApplicationPool2::Group::spawnThreadRealMain(const Passenger::ApplicationPool2::SpawnerPtr&, const Passenger::ApplicationPool2::Options&, unsigned int)' (Implementation.cpp:804)

[ 2014-06-03 14:27:02.5731 5661/b5ffdb40 agents/HelperAgent/RequestHandler.h:2221 ]: [Client 20] Cannot checkout session.
Error page:
<p>It looks like Bundler could not find a gem. Maybe you didn't install all the gems that this application needs. To install your gems, please run:</p>

  <pre class="commands">bundle install</pre>

<p>If that didn't work, then the problem is probably caused by your application being run under a different environment than it's supposed to. Please check the following:</p>

<ol>
  <li>Is this app supposed to be run as the <code>benjamin</code> user?</li>
  <li>Is this app being run on the correct Ruby interpreter? Below you will
      see which Ruby interpreter Phusion Passenger attempted to use.</li>
</ol>

<p>-------- The exception is as follows: -------</p>
Could not find rake-10.3.2 in any of the sources (Bundler::GemNotFound)
<pre>  /usr/lib/ruby/vendor_ruby/bundler/spec_set.rb:92:in `block in materialize'
  /usr/lib/ruby/vendor_ruby/bundler/spec_set.rb:85:in `map!'
  /usr/lib/ruby/vendor_ruby/bundler/spec_set.rb:85:in `materialize'
  /usr/lib/ruby/vendor_ruby/bundler/definition.rb:114:in `specs'
  /usr/lib/ruby/vendor_ruby/bundler/definition.rb:159:in `specs_for'
  /usr/lib/ruby/vendor_ruby/bundler/definition.rb:148:in `requested_specs'
  /usr/lib/ruby/vendor_ruby/bundler/environment.rb:18:in `requested_specs'
  /usr/lib/ruby/vendor_ruby/bundler/runtime.rb:13:in `setup'
  /usr/lib/ruby/vendor_ruby/bundler.rb:120:in `setup'
  /usr/lib/ruby/vendor_ruby/bundler/setup.rb:17:in `&lt;top (required)&gt;'
  /usr/lib/ruby/1.9.1/rubygems/custom_require.rb:36:in `require'
  /usr/lib/ruby/1.9.1/rubygems/custom_require.rb:36:in `require'
  /var/lib/gems/1.9.1/gems/passenger-4.0.44/lib/phusion_passenger/loader_shared_helpers.rb:248:in `block in run_load_path_setup_code'
  /var/lib/gems/1.9.1/gems/passenger-4.0.44/lib/phusion_passenger/loader_shared_helpers.rb:351:in `running_bundler'
  /var/lib/gems/1.9.1/gems/passenger-4.0.44/lib/phusion_passenger/loader_shared_helpers.rb:246:in `run_load_path_setup_code'
  /var/lib/gems/1.9.1/gems/passenger-4.0.44/helper-scripts/rack-preloader.rb:100:in `preload_app'
  /var/lib/gems/1.9.1/gems/passenger-4.0.44/helper-scripts/rack-preloader.rb:158:in `&lt;module:App&gt;'
  /var/lib/gems/1.9.1/gems/passenger-4.0.44/helper-scripts/rack-preloader.rb:29:in `&lt;module:PhusionPassenger&gt;'
  /var/lib/gems/1.9.1/gems/passenger-4.0.44/helper-scripts/rack-preloader.rb:28:in `&lt;main&gt;'</pre>

App 5803 stdout: 
App 5803 stderr: /var/lib/gems/1.9.1/gems/passenger-4.0.44/lib/phusion_passenger/config/system_metrics_command.rb:31:in `exec'
App 5803 stderr: : No such file or directory - /var/lib/gems/1.9.1/gems/passenger-4.0.44/buildout/agents/PassengerHelperAgent (Errno::ENOENT)
App 5803 stderr: 	from /var/lib/gems/1.9.1/gems/passenger-4.0.44/lib/phusion_passenger/config/system_metrics_command.rb:31:in `run'
App 5803 stderr: 	from /var/lib/gems/1.9.1/gems/passenger-4.0.44/lib/phusion_passenger/config/main.rb:65:in `run!'
App 5803 stderr: 	from /var/lib/gems/1.9.1/gems/passenger-4.0.44/bin/passenger-config:37:in `<main>'
App 5803 stdout: 
[ 2014-06-03 14:27:51.2194 5661/b725cb40 Pool2/Implementation.cpp:883 ]: Could not spawn process for group /home/benjamin/SmartBike#default: An error occured while starting up the preloader.
     in 'void Passenger::ApplicationPool2::SmartSpawner::handleErrorResponse(Passenger::ApplicationPool2::SmartSpawner::StartupDetails&)' (SmartSpawner.h:451)
     in 'std::string Passenger::ApplicationPool2::SmartSpawner::negotiatePreloaderStartup(Passenger::ApplicationPool2::SmartSpawner::StartupDetails&)' (SmartSpawner.h:562)
     in 'void Passenger::ApplicationPool2::SmartSpawner::startPreloader()' (SmartSpawner.h:202)
     in 'virtual Passenger::ApplicationPool2::ProcessPtr Passenger::ApplicationPool2::SmartSpawner::spawn(const Passenger::ApplicationPool2::Options&)' (SmartSpawner.h:746)
     in 'void Passenger::ApplicationPool2::Group::spawnThreadRealMain(const Passenger::ApplicationPool2::SpawnerPtr&, const Passenger::ApplicationPool2::Options&, unsigned int)' (Implementation.cpp:804)

[ 2014-06-03 14:27:51.2207 5661/b5ffdb40 agents/HelperAgent/RequestHandler.h:2221 ]: [Client 20] Cannot checkout session.
Error page:
<p>It looks like Bundler could not find a gem. Maybe you didn't install all the gems that this application needs. To install your gems, please run:</p>

  <pre class="commands">bundle install</pre>

<p>If that didn't work, then the problem is probably caused by your application being run under a different environment than it's supposed to. Please check the following:</p>

<ol>
  <li>Is this app supposed to be run as the <code>benjamin</code> user?</li>
  <li>Is this app being run on the correct Ruby interpreter? Below you will
      see which Ruby interpreter Phusion Passenger attempted to use.</li>
</ol>

<p>-------- The exception is as follows: -------</p>
Could not find rake-10.3.2 in any of the sources (Bundler::GemNotFound)
<pre>  /usr/lib/ruby/vendor_ruby/bundler/spec_set.rb:92:in `block in materialize'
  /usr/lib/ruby/vendor_ruby/bundler/spec_set.rb:85:in `map!'
  /usr/lib/ruby/vendor_ruby/bundler/spec_set.rb:85:in `materialize'
  /usr/lib/ruby/vendor_ruby/bundler/definition.rb:114:in `specs'
  /usr/lib/ruby/vendor_ruby/bundler/definition.rb:159:in `specs_for'
  /usr/lib/ruby/vendor_ruby/bundler/definition.rb:148:in `requested_specs'
  /usr/lib/ruby/vendor_ruby/bundler/environment.rb:18:in `requested_specs'
  /usr/lib/ruby/vendor_ruby/bundler/runtime.rb:13:in `setup'
  /usr/lib/ruby/vendor_ruby/bundler.rb:120:in `setup'
  /usr/lib/ruby/vendor_ruby/bundler/setup.rb:17:in `&lt;top (required)&gt;'
  /usr/lib/ruby/1.9.1/rubygems/custom_require.rb:36:in `require'
  /usr/lib/ruby/1.9.1/rubygems/custom_require.rb:36:in `require'
  /var/lib/gems/1.9.1/gems/passenger-4.0.44/lib/phusion_passenger/loader_shared_helpers.rb:248:in `block in run_load_path_setup_code'
  /var/lib/gems/1.9.1/gems/passenger-4.0.44/lib/phusion_passenger/loader_shared_helpers.rb:351:in `running_bundler'
  /var/lib/gems/1.9.1/gems/passenger-4.0.44/lib/phusion_passenger/loader_shared_helpers.rb:246:in `run_load_path_setup_code'
  /var/lib/gems/1.9.1/gems/passenger-4.0.44/helper-scripts/rack-preloader.rb:100:in `preload_app'
  /var/lib/gems/1.9.1/gems/passenger-4.0.44/helper-scripts/rack-preloader.rb:158:in `&lt;module:App&gt;'
  /var/lib/gems/1.9.1/gems/passenger-4.0.44/helper-scripts/rack-preloader.rb:29:in `&lt;module:PhusionPassenger&gt;'
  /var/lib/gems/1.9.1/gems/passenger-4.0.44/helper-scripts/rack-preloader.rb:28:in `&lt;main&gt;'</pre>

[ 2014-06-03 14:29:49.4870 5956/b7436700 agents/Watchdog/Main.cpp:538 ]: Options: { 'analytics_log_user' => 'benjamin', 'cleanup_pidfiles' => 'L3RtcC9wYXNzZW5nZXItc3RhbmRhbG9uZS50a2hqamovdGVtcF9kaXJfdG91Y2hlci5waWQ=', 'default_group' => 'benjamin', 'default_python' => 'python', 'default_ruby' => '/usr/bin/ruby1.9.1', 'default_user' => 'benjamin', 'log_level' => '0', 'max_pool_size' => '6', 'passenger_root' => '/tmp/passenger-standalone.tkhjjj/locations.ini', 'passenger_version' => '4.0.44', 'pool_idle_time' => '300', 'prestart_urls' => 'aHR0cDovLzAuMC4wLjA6MzAwMAA=', 'temp_dir' => '/tmp', 'union_station_gateway_address' => 'gateway.unionstationapp.com', 'union_station_gateway_port' => '443', 'user_switching' => 'false', 'web_server_passenger_version' => '4.0.44', 'web_server_pid' => '5955', 'web_server_type' => 'nginx', 'web_server_worker_gid' => '-1', 'web_server_worker_uid' => '-1' }
[ 2014-06-03 14:29:49.5081 5959/b73c1700 agents/HelperAgent/Main.cpp:649 ]: PassengerHelperAgent online, listening at unix:/tmp/passenger.1.0.5955/generation-0/request
[ 2014-06-03 14:29:49.5302 5965/b743c700 agents/LoggingAgent/Main.cpp:321 ]: PassengerLoggingAgent online, listening at unix:/tmp/passenger.1.0.5955/generation-0/logging
[ 2014-06-03 14:29:49.5311 5956/b7436700 agents/Watchdog/Main.cpp:728 ]: All Phusion Passenger agents started!
App 5996 stdout: 
App 5996 stderr: /var/lib/gems/1.9.1/gems/passenger-4.0.44/lib/phusion_passenger/config/system_metrics_command.rb:31:in `exec'
App 5996 stderr: : 
App 5996 stderr: No such file or directory - /var/lib/gems/1.9.1/gems/passenger-4.0.44/buildout/agents/PassengerHelperAgent
App 5996 stderr:  (
App 5996 stderr: Errno::ENOENT
App 5996 stderr: )
App 5996 stderr: 	from /var/lib/gems/1.9.1/gems/passenger-4.0.44/lib/phusion_passenger/config/system_metrics_command.rb:31:in `run'
App 5996 stderr: 	from /var/lib/gems/1.9.1/gems/passenger-4.0.44/lib/phusion_passenger/config/main.rb:65:in `run!'
App 5996 stderr: 	from /var/lib/gems/1.9.1/gems/passenger-4.0.44/bin/passenger-config:37:in `<main>'
App 5996 stdout: 
[ 2014-06-03 14:29:53.6032 5959/b57bbb40 Pool2/Implementation.cpp:883 ]: Could not spawn process for group /home/benjamin/SmartBike#default: An error occured while starting up the preloader.
     in 'void Passenger::ApplicationPool2::SmartSpawner::handleErrorResponse(Passenger::ApplicationPool2::SmartSpawner::StartupDetails&)' (SmartSpawner.h:451)
     in 'std::string Passenger::ApplicationPool2::SmartSpawner::negotiatePreloaderStartup(Passenger::ApplicationPool2::SmartSpawner::StartupDetails&)' (SmartSpawner.h:562)
     in 'void Passenger::ApplicationPool2::SmartSpawner::startPreloader()' (SmartSpawner.h:202)
     in 'virtual Passenger::ApplicationPool2::ProcessPtr Passenger::ApplicationPool2::SmartSpawner::spawn(const Passenger::ApplicationPool2::Options&)' (SmartSpawner.h:746)
     in 'void Passenger::ApplicationPool2::Group::spawnThreadRealMain(const Passenger::ApplicationPool2::SpawnerPtr&, const Passenger::ApplicationPool2::Options&, unsigned int)' (Implementation.cpp:804)

[ 2014-06-03 14:29:53.6043 5959/b5ffdb40 agents/HelperAgent/RequestHandler.h:2221 ]: [Client 20] Cannot checkout session.
Error page:
<p>It looks like Bundler could not find a gem. Maybe you didn't install all the gems that this application needs. To install your gems, please run:</p>

  <pre class="commands">bundle install</pre>

<p>If that didn't work, then the problem is probably caused by your application being run under a different environment than it's supposed to. Please check the following:</p>

<ol>
  <li>Is this app supposed to be run as the <code>benjamin</code> user?</li>
  <li>Is this app being run on the correct Ruby interpreter? Below you will
      see which Ruby interpreter Phusion Passenger attempted to use.</li>
</ol>

<p>-------- The exception is as follows: -------</p>
Could not find rake-10.3.2 in any of the sources (Bundler::GemNotFound)
<pre>  /usr/lib/ruby/vendor_ruby/bundler/spec_set.rb:92:in `block in materialize'
  /usr/lib/ruby/vendor_ruby/bundler/spec_set.rb:85:in `map!'
  /usr/lib/ruby/vendor_ruby/bundler/spec_set.rb:85:in `materialize'
  /usr/lib/ruby/vendor_ruby/bundler/definition.rb:114:in `specs'
  /usr/lib/ruby/vendor_ruby/bundler/definition.rb:159:in `specs_for'
  /usr/lib/ruby/vendor_ruby/bundler/definition.rb:148:in `requested_specs'
  /usr/lib/ruby/vendor_ruby/bundler/environment.rb:18:in `requested_specs'
  /usr/lib/ruby/vendor_ruby/bundler/runtime.rb:13:in `setup'
  /usr/lib/ruby/vendor_ruby/bundler.rb:120:in `setup'
  /usr/lib/ruby/vendor_ruby/bundler/setup.rb:17:in `&lt;top (required)&gt;'
  /usr/lib/ruby/1.9.1/rubygems/custom_require.rb:36:in `require'
  /usr/lib/ruby/1.9.1/rubygems/custom_require.rb:36:in `require'
  /var/lib/gems/1.9.1/gems/passenger-4.0.44/lib/phusion_passenger/loader_shared_helpers.rb:248:in `block in run_load_path_setup_code'
  /var/lib/gems/1.9.1/gems/passenger-4.0.44/lib/phusion_passenger/loader_shared_helpers.rb:351:in `running_bundler'
  /var/lib/gems/1.9.1/gems/passenger-4.0.44/lib/phusion_passenger/loader_shared_helpers.rb:246:in `run_load_path_setup_code'
  /var/lib/gems/1.9.1/gems/passenger-4.0.44/helper-scripts/rack-preloader.rb:100:in `preload_app'
  /var/lib/gems/1.9.1/gems/passenger-4.0.44/helper-scripts/rack-preloader.rb:158:in `&lt;module:App&gt;'
  /var/lib/gems/1.9.1/gems/passenger-4.0.44/helper-scripts/rack-preloader.rb:29:in `&lt;module:PhusionPassenger&gt;'
  /var/lib/gems/1.9.1/gems/passenger-4.0.44/helper-scripts/rack-preloader.rb:28:in `&lt;main&gt;'</pre>

[ 2014-06-03 14:41:19.3013 6311/b7464700 agents/Watchdog/Main.cpp:538 ]: Options: { 'analytics_log_user' => 'benjamin', 'cleanup_pidfiles' => 'L3RtcC9wYXNzZW5nZXItc3RhbmRhbG9uZS5hNWlmY2IvdGVtcF9kaXJfdG91Y2hlci5waWQ=', 'default_group' => 'benjamin', 'default_python' => 'python', 'default_ruby' => '/usr/bin/ruby1.9.1', 'default_user' => 'benjamin', 'log_level' => '0', 'max_pool_size' => '6', 'passenger_root' => '/tmp/passenger-standalone.a5ifcb/locations.ini', 'passenger_version' => '4.0.44', 'pool_idle_time' => '300', 'prestart_urls' => 'aHR0cDovLzAuMC4wLjA6MzAwMAA=', 'temp_dir' => '/tmp', 'union_station_gateway_address' => 'gateway.unionstationapp.com', 'union_station_gateway_port' => '443', 'user_switching' => 'false', 'web_server_passenger_version' => '4.0.44', 'web_server_pid' => '6310', 'web_server_type' => 'nginx', 'web_server_worker_gid' => '-1', 'web_server_worker_uid' => '-1' }
[ 2014-06-03 14:41:19.3273 6314/b73c5700 agents/HelperAgent/Main.cpp:649 ]: PassengerHelperAgent online, listening at unix:/tmp/passenger.1.0.6310/generation-0/request
[ 2014-06-03 14:41:19.3483 6320/b743a700 agents/LoggingAgent/Main.cpp:321 ]: PassengerLoggingAgent online, listening at unix:/tmp/passenger.1.0.6310/generation-0/logging
[ 2014-06-03 14:41:19.3492 6311/b7464700 agents/Watchdog/Main.cpp:728 ]: All Phusion Passenger agents started!
App 6351 stdout: 
App 6351 stderr: /var/lib/gems/1.9.1/gems/passenger-4.0.44/lib/phusion_passenger/config/system_metrics_command.rb:31:in `exec'
App 6351 stderr: : No such file or directory - /var/lib/gems/1.9.1/gems/passenger-4.0.44/buildout/agents/PassengerHelperAgent (Errno::ENOENT)
App 6351 stderr: 	from /var/lib/gems/1.9.1/gems/passenger-4.0.44/lib/phusion_passenger/config/system_metrics_command.rb:31:in `run'
App 6351 stderr: 	from /var/lib/gems/1.9.1/gems/passenger-4.0.44/lib/phusion_passenger/config/main.rb:65:in `run!'
App 6351 stderr: 	from /var/lib/gems/1.9.1/gems/passenger-4.0.44/bin/passenger-config:37:in `<main>'
App 6351 stdout: 
[ 2014-06-03 14:41:23.3425 6314/b57bbb40 Pool2/Implementation.cpp:883 ]: Could not spawn process for group /home/benjamin/SmartBike#default: An error occured while starting up the preloader.
     in 'void Passenger::ApplicationPool2::SmartSpawner::handleErrorResponse(Passenger::ApplicationPool2::SmartSpawner::StartupDetails&)' (SmartSpawner.h:451)
     in 'std::string Passenger::ApplicationPool2::SmartSpawner::negotiatePreloaderStartup(Passenger::ApplicationPool2::SmartSpawner::StartupDetails&)' (SmartSpawner.h:562)
     in 'void Passenger::ApplicationPool2::SmartSpawner::startPreloader()' (SmartSpawner.h:202)
     in 'virtual Passenger::ApplicationPool2::ProcessPtr Passenger::ApplicationPool2::SmartSpawner::spawn(const Passenger::ApplicationPool2::Options&)' (SmartSpawner.h:746)
     in 'void Passenger::ApplicationPool2::Group::spawnThreadRealMain(const Passenger::ApplicationPool2::SpawnerPtr&, const Passenger::ApplicationPool2::Options&, unsigned int)' (Implementation.cpp:804)

[ 2014-06-03 14:41:23.3434 6314/b5ffdb40 agents/HelperAgent/RequestHandler.h:2221 ]: [Client 20] Cannot checkout session.
Error page:
<p>It looks like Bundler could not find a gem. Maybe you didn't install all the gems that this application needs. To install your gems, please run:</p>

  <pre class="commands">bundle install</pre>

<p>If that didn't work, then the problem is probably caused by your application being run under a different environment than it's supposed to. Please check the following:</p>

<ol>
  <li>Is this app supposed to be run as the <code>benjamin</code> user?</li>
  <li>Is this app being run on the correct Ruby interpreter? Below you will
      see which Ruby interpreter Phusion Passenger attempted to use.</li>
</ol>

<p>-------- The exception is as follows: -------</p>
Could not find rake-10.3.2 in any of the sources (Bundler::GemNotFound)
<pre>  /usr/lib/ruby/vendor_ruby/bundler/spec_set.rb:92:in `block in materialize'
  /usr/lib/ruby/vendor_ruby/bundler/spec_set.rb:85:in `map!'
  /usr/lib/ruby/vendor_ruby/bundler/spec_set.rb:85:in `materialize'
  /usr/lib/ruby/vendor_ruby/bundler/definition.rb:114:in `specs'
  /usr/lib/ruby/vendor_ruby/bundler/definition.rb:159:in `specs_for'
  /usr/lib/ruby/vendor_ruby/bundler/definition.rb:148:in `requested_specs'
  /usr/lib/ruby/vendor_ruby/bundler/environment.rb:18:in `requested_specs'
  /usr/lib/ruby/vendor_ruby/bundler/runtime.rb:13:in `setup'
  /usr/lib/ruby/vendor_ruby/bundler.rb:120:in `setup'
  /usr/lib/ruby/vendor_ruby/bundler/setup.rb:17:in `&lt;top (required)&gt;'
  /usr/lib/ruby/1.9.1/rubygems/custom_require.rb:36:in `require'
  /usr/lib/ruby/1.9.1/rubygems/custom_require.rb:36:in `require'
  /var/lib/gems/1.9.1/gems/passenger-4.0.44/lib/phusion_passenger/loader_shared_helpers.rb:248:in `block in run_load_path_setup_code'
  /var/lib/gems/1.9.1/gems/passenger-4.0.44/lib/phusion_passenger/loader_shared_helpers.rb:351:in `running_bundler'
  /var/lib/gems/1.9.1/gems/passenger-4.0.44/lib/phusion_passenger/loader_shared_helpers.rb:246:in `run_load_path_setup_code'
  /var/lib/gems/1.9.1/gems/passenger-4.0.44/helper-scripts/rack-preloader.rb:100:in `preload_app'
  /var/lib/gems/1.9.1/gems/passenger-4.0.44/helper-scripts/rack-preloader.rb:158:in `&lt;module:App&gt;'
  /var/lib/gems/1.9.1/gems/passenger-4.0.44/helper-scripts/rack-preloader.rb:29:in `&lt;module:PhusionPassenger&gt;'
  /var/lib/gems/1.9.1/gems/passenger-4.0.44/helper-scripts/rack-preloader.rb:28:in `&lt;main&gt;'</pre>

